#
# There is insufficient memory for the Java Runtime Environment to continue.
# Native memory allocation (malloc) failed to allocate 32744 bytes for ChunkPool::allocate
# Possible reasons:
#   The system is out of physical RAM or swap space
#   The process is running with CompressedOops enabled, and the Java Heap may be blocking the growth of the native heap
# Possible solutions:
#   Reduce memory load on the system
#   Increase physical memory or swap space
#   Check if swap backing store is full
#   Decrease Java heap size (-Xmx/-Xms)
#   Decrease number of Java threads
#   Decrease Java thread stack sizes (-Xss)
#   Set larger code cache with -XX:ReservedCodeCacheSize=
#   JVM is running with Zero Based Compressed Oops mode in which the Java heap is
#     placed in the first 32GB address space. The Java Heap base address is the
#     maximum limit for the native heap growth. Please use -XX:HeapBaseMinAddress
#     to set the Java Heap base and to place the Java Heap above 32GB virtual address.
# This output file may be truncated or incomplete.
#
#  Out of Memory Error (allocation.cpp:272), pid=27568, tid=0x000000000000ee48
#
# JRE version: Java(TM) SE Runtime Environment (8.0_202-b08) (build 1.8.0_202-b08)
# Java VM: Java HotSpot(TM) 64-Bit Server VM (25.202-b08 mixed mode windows-amd64 compressed oops)
# Failed to write core dump. Minidumps are not enabled by default on client versions of Windows
#

---------------  T H R E A D  ---------------

Current thread (0x000000003d0f9800):  JavaThread "C1 CompilerThread8" daemon [_thread_in_vm, id=61000, stack(0x000000003e9b0000,0x000000003eab0000)]

Stack: [0x000000003e9b0000,0x000000003eab0000]
[error occurred during error reporting (printing stack bounds), id 0xc0000005]

Native frames: (J=compiled Java code, j=interpreted, Vv=VM code, C=native code)


---------------  P R O C E S S  ---------------

Java Threads: ( => current thread )
  0x0000000052319000 JavaThread "container-1" [_thread_blocked, id=57512, stack(0x000000007a620000,0x000000007a720000)]
  0x0000000052318800 JavaThread "Catalina-utility-2" [_thread_blocked, id=42096, stack(0x000000007a420000,0x000000007a520000)]
  0x0000000052311000 JavaThread "Catalina-utility-1" [_thread_blocked, id=19012, stack(0x000000006faa0000,0x000000006fba0000)]
  0x0000000052317800 JavaThread "nacos-grpc-client-executor-523" daemon [_thread_blocked, id=12724, stack(0x0000000047700000,0x0000000047800000)]
  0x0000000052317000 JavaThread "spring.cloud.inetutils" daemon [_thread_in_native, id=37164, stack(0x000000007a320000,0x000000007a420000)]
  0x0000000052312800 JavaThread "logback-178" daemon [_thread_blocked, id=36736, stack(0x000000007a220000,0x000000007a320000)]
  0x0000000052310000 JavaThread "logback-177" daemon [_thread_blocked, id=40864, stack(0x000000007a120000,0x000000007a220000)]
  0x0000000052315800 JavaThread "logback-176" daemon [_thread_blocked, id=52320, stack(0x000000007a020000,0x000000007a120000)]
  0x0000000052531800 JavaThread "logback-175" daemon [_thread_blocked, id=6352, stack(0x0000000079f20000,0x000000007a020000)]
  0x0000000052534800 JavaThread "lettuce-timer-11-1" daemon [_thread_blocked, id=46496, stack(0x0000000078e10000,0x0000000078f10000)]
  0x0000000052537800 JavaThread "Keep-Alive-Timer" daemon [_thread_blocked, id=32208, stack(0x0000000078d10000,0x0000000078e10000)]
  0x0000000052536800 JavaThread "pool-19-thread-1" [_thread_blocked, id=58440, stack(0x0000000078c10000,0x0000000078d10000)]
  0x0000000052533800 JavaThread "logback-173" daemon [_thread_blocked, id=36832, stack(0x0000000078b10000,0x0000000078c10000)]
  0x000000005252b800 JavaThread "logback-174" daemon [_thread_blocked, id=57908, stack(0x0000000078010000,0x0000000078110000)]
  0x0000000052532000 JavaThread "nacos-grpc-client-executor-497" daemon [_thread_blocked, id=21488, stack(0x0000000056b30000,0x0000000056c30000)]
  0x0000000052530000 JavaThread "tableMetaChecker_4_1" daemon [_thread_blocked, id=28244, stack(0x0000000076a20000,0x0000000076b20000)]
  0x0000000052527000 JavaThread "Druid-ConnectionPool-Destroy-466092644" daemon [_thread_blocked, id=18192, stack(0x0000000076920000,0x0000000076a20000)]
  0x000000005251f800 JavaThread "Druid-ConnectionPool-Create-466092644" daemon [_thread_blocked, id=34152, stack(0x00000000752e0000,0x00000000753e0000)]
  0x0000000052950000 JavaThread "logback-172" daemon [_thread_blocked, id=54276, stack(0x0000000074fe0000,0x00000000750e0000)]
  0x0000000052946000 JavaThread "logback-171" daemon [_thread_blocked, id=32612, stack(0x0000000074de0000,0x0000000074ee0000)]
  0x0000000052944800 JavaThread "logback-170" daemon [_thread_blocked, id=21044, stack(0x0000000074ce0000,0x0000000074de0000)]
  0x0000000052940000 JavaThread "logback-169" daemon [_thread_blocked, id=42968, stack(0x00000000723c0000,0x00000000724c0000)]
  0x0000000052947000 JavaThread "logback-168" daemon [_thread_blocked, id=42212, stack(0x00000000721c0000,0x00000000722c0000)]
  0x000000005293f000 JavaThread "nacos-grpc-client-executor-522" daemon [_thread_blocked, id=29584, stack(0x000000003e0b0000,0x000000003e1b0000)]
  0x0000000052936000 JavaThread "logback-167" daemon [_thread_blocked, id=16960, stack(0x00000000720c0000,0x00000000721c0000)]
  0x0000000052931800 JavaThread "logback-166" daemon [_thread_blocked, id=38516, stack(0x0000000071fc0000,0x00000000720c0000)]
  0x0000000052935800 JavaThread "nacos-grpc-client-executor-496" daemon [_thread_blocked, id=42484, stack(0x0000000071ec0000,0x0000000071fc0000)]
  0x0000000052798800 JavaThread "nacos-grpc-client-executor-495" daemon [_thread_blocked, id=27104, stack(0x0000000068240000,0x0000000068340000)]
  0x00000000527a7000 JavaThread "logback-165" daemon [_thread_blocked, id=58152, stack(0x0000000068d40000,0x0000000068e40000)]
  0x00000000527ab800 JavaThread "logback-164" daemon [_thread_blocked, id=25716, stack(0x000000006f9a0000,0x000000006faa0000)]
  0x000000005278e800 JavaThread "logback-163" daemon [_thread_blocked, id=57484, stack(0x0000000056e30000,0x0000000056f30000)]
  0x00000000527aa800 JavaThread "logback-162" daemon [_thread_blocked, id=55788, stack(0x000000006f8a0000,0x000000006f9a0000)]
  0x00000000527a4000 JavaThread "logback-161" daemon [_thread_blocked, id=46132, stack(0x000000006b760000,0x000000006b860000)]
  0x00000000527aa000 JavaThread "logback-160" daemon [_thread_blocked, id=60128, stack(0x000000006b660000,0x000000006b760000)]
  0x00000000527a9000 JavaThread "logback-159" daemon [_thread_blocked, id=29548, stack(0x000000006a250000,0x000000006a350000)]
  0x00000000527a2800 JavaThread "logback-158" daemon [_thread_blocked, id=39392, stack(0x0000000057330000,0x0000000057430000)]
  0x0000000052796800 JavaThread "logback-157" daemon [_thread_blocked, id=37296, stack(0x0000000057230000,0x0000000057330000)]
  0x0000000052797000 JavaThread "logback-156" daemon [_thread_blocked, id=32728, stack(0x0000000068a40000,0x0000000068b40000)]
  0x000000005279e000 JavaThread "logback-155" daemon [_thread_blocked, id=4568, stack(0x0000000062ae0000,0x0000000062be0000)]
  0x000000005294f000 JavaThread "logback-154" daemon [_thread_blocked, id=48232, stack(0x0000000068e40000,0x0000000068f40000)]
  0x0000000052940800 JavaThread "logback-153" daemon [_thread_blocked, id=41844, stack(0x0000000068b40000,0x0000000068c40000)]
  0x0000000052944000 JavaThread "logback-152" daemon [_thread_blocked, id=3320, stack(0x0000000056d30000,0x0000000056e30000)]
  0x0000000052942800 JavaThread "logback-151" daemon [_thread_blocked, id=33472, stack(0x0000000056c30000,0x0000000056d30000)]
  0x000000005293d000 JavaThread "logback-150" daemon [_thread_blocked, id=35852, stack(0x0000000056a30000,0x0000000056b30000)]
  0x000000005293a000 JavaThread "logback-149" daemon [_thread_blocked, id=4908, stack(0x0000000056630000,0x0000000056730000)]
  0x000000005293e800 JavaThread "restartedMain" [_thread_blocked, id=19700, stack(0x00000000451f0000,0x00000000452f0000)]
  0x000000005294c000 JavaThread "logback-148" daemon [_thread_blocked, id=46604, stack(0x0000000068140000,0x0000000068240000)]
  0x0000000052939000 JavaThread "logback-147" daemon [_thread_blocked, id=12260, stack(0x0000000048300000,0x0000000048400000)]
  0x0000000052949000 JavaThread "logback-146" daemon [_thread_blocked, id=25264, stack(0x0000000068040000,0x0000000068140000)]
  0x000000005294d000 JavaThread "logback-145" daemon [_thread_blocked, id=50652, stack(0x0000000067c40000,0x0000000067d40000)]
  0x000000005294b800 JavaThread "logback-143" daemon [_thread_blocked, id=46164, stack(0x00000000626e0000,0x00000000627e0000)]
  0x0000000052943000 JavaThread "logback-144" daemon [_thread_blocked, id=63404, stack(0x0000000061be0000,0x0000000061ce0000)]
  0x000000005294a000 JavaThread "logback-142" daemon [_thread_blocked, id=24532, stack(0x0000000057530000,0x0000000057630000)]
  0x0000000052947800 JavaThread "logback-141" daemon [_thread_blocked, id=11732, stack(0x0000000057430000,0x0000000057530000)]
  0x000000005294a800 JavaThread "logback-140" daemon [_thread_blocked, id=28532, stack(0x0000000061ae0000,0x0000000061be0000)]
  0x0000000052941800 JavaThread "logback-139" daemon [_thread_blocked, id=59524, stack(0x0000000047900000,0x0000000047a00000)]
  0x0000000052945800 JavaThread "logback-138" daemon [_thread_blocked, id=29648, stack(0x000000005efb0000,0x000000005f0b0000)]
  0x0000000052948800 JavaThread "logback-137" daemon [_thread_blocked, id=57884, stack(0x000000005ecb0000,0x000000005edb0000)]
  0x0000000052937000 JavaThread "File Watcher" daemon [_thread_blocked, id=13584, stack(0x0000000001230000,0x0000000001330000)]
  0x000000005293d800 JavaThread "tableMetaChecker_3_1" daemon [_thread_blocked, id=57912, stack(0x000000005d590000,0x000000005d690000)]
  0x000000005293c000 JavaThread "logback-128" daemon [_thread_blocked, id=56076, stack(0x0000000053f10000,0x0000000054010000)]
  0x0000000052934000 JavaThread "logback-127" daemon [_thread_blocked, id=33872, stack(0x0000000052f10000,0x0000000053010000)]
  0x0000000052931000 JavaThread "logback-126" daemon [_thread_blocked, id=52876, stack(0x0000000050b30000,0x0000000050c30000)]
  0x0000000052937800 JavaThread "logback-125" daemon [_thread_blocked, id=1908, stack(0x000000004fc20000,0x000000004fd20000)]
  0x0000000052934800 JavaThread "logback-124" daemon [_thread_blocked, id=32028, stack(0x000000004fb20000,0x000000004fc20000)]
  0x000000005293b800 JavaThread "logback-123" daemon [_thread_blocked, id=11180, stack(0x000000004f720000,0x000000004f820000)]
  0x0000000052938800 JavaThread "logback-122" daemon [_thread_blocked, id=53868, stack(0x000000004cf00000,0x000000004d000000)]
  0x000000005293a800 JavaThread "logback-121" daemon [_thread_blocked, id=11144, stack(0x00000000409f0000,0x0000000040af0000)]
  0x0000000052933000 JavaThread "com.alibaba.nacos.client.identify.watcher.0" daemon [_thread_blocked, id=25464, stack(0x00000000450f0000,0x00000000451f0000)]
  0x0000000052932800 JavaThread "Thread-81" [_thread_blocked, id=59048, stack(0x000000007a520000,0x000000007a620000)]
  0x00000000527a7800 JavaThread "logback-120" daemon [_thread_blocked, id=28032, stack(0x0000000078a10000,0x0000000078b10000)]
  0x00000000527a8800 JavaThread "logback-119" daemon [_thread_blocked, id=30612, stack(0x0000000078910000,0x0000000078a10000)]
  0x00000000527a6000 JavaThread "logback-117" daemon [_thread_blocked, id=23368, stack(0x0000000078810000,0x0000000078910000)]
  0x00000000527a5800 JavaThread "logback-118" daemon [_thread_blocked, id=25140, stack(0x0000000078710000,0x0000000078810000)]
  0x00000000527a4800 JavaThread "logback-116" daemon [_thread_blocked, id=54808, stack(0x0000000078610000,0x0000000078710000)]
  0x00000000527a3000 JavaThread "logback-115" daemon [_thread_blocked, id=21432, stack(0x0000000078510000,0x0000000078610000)]
  0x000000005279a000 JavaThread "logback-114" daemon [_thread_blocked, id=57448, stack(0x0000000078410000,0x0000000078510000)]
  0x00000000527a1800 JavaThread "logback-113" daemon [_thread_blocked, id=52492, stack(0x0000000078310000,0x0000000078410000)]
  0x00000000527a1000 JavaThread "logback-112" daemon [_thread_blocked, id=24288, stack(0x0000000078210000,0x0000000078310000)]
  0x00000000527a0000 JavaThread "logback-111" daemon [_thread_blocked, id=25944, stack(0x0000000078110000,0x0000000078210000)]
  0x000000005279f800 JavaThread "logback-110" daemon [_thread_blocked, id=44272, stack(0x0000000077f10000,0x0000000078010000)]
  0x0000000052795800 JavaThread "logback-109" daemon [_thread_blocked, id=41000, stack(0x0000000076e00000,0x0000000076f00000)]
  0x0000000052792000 JavaThread "logback-108" daemon [_thread_blocked, id=1720, stack(0x0000000076820000,0x0000000076920000)]
  0x0000000052798000 JavaThread "logback-107" daemon [_thread_blocked, id=40104, stack(0x0000000076720000,0x0000000076820000)]
  0x0000000052790800 JavaThread "logback-106" daemon [_thread_blocked, id=3732, stack(0x0000000076620000,0x0000000076720000)]
  0x0000000052795000 JavaThread "logback-105" daemon [_thread_blocked, id=25168, stack(0x0000000076520000,0x0000000076620000)]
  0x000000005279d000 JavaThread "logback-104" daemon [_thread_blocked, id=32988, stack(0x0000000076420000,0x0000000076520000)]
  0x000000005279b800 JavaThread "logback-103" daemon [_thread_blocked, id=55856, stack(0x0000000076320000,0x0000000076420000)]
  0x000000005279c800 JavaThread "logback-102" daemon [_thread_blocked, id=47936, stack(0x0000000076220000,0x0000000076320000)]
  0x000000005278d000 JavaThread "logback-101" daemon [_thread_blocked, id=41036, stack(0x0000000075f20000,0x0000000076020000)]
  0x0000000052792800 JavaThread "logback-99" daemon [_thread_blocked, id=59668, stack(0x0000000076120000,0x0000000076220000)]
  0x0000000052793800 JavaThread "logback-100" daemon [_thread_blocked, id=8732, stack(0x0000000076020000,0x0000000076120000)]
  0x0000000052791000 JavaThread "logback-98" daemon [_thread_blocked, id=41012, stack(0x00000000753e0000,0x00000000754e0000)]
  0x000000005278e000 JavaThread "logback-97" daemon [_thread_blocked, id=42748, stack(0x0000000057730000,0x0000000057830000)]
  0x0000000052794000 JavaThread "logback-95" daemon [_thread_blocked, id=27584, stack(0x00000000751e0000,0x00000000752e0000)]
  0x000000005239a800 JavaThread "logback-96" daemon [_thread_blocked, id=50556, stack(0x00000000750e0000,0x00000000751e0000)]
  0x000000003dd82800 JavaThread "logback-94" daemon [_thread_blocked, id=49600, stack(0x0000000074ee0000,0x0000000074fe0000)]
  0x0000000052527800 JavaThread "logback-93" daemon [_thread_blocked, id=22540, stack(0x000000006fca0000,0x000000006fda0000)]
  0x000000004b3a1800 JavaThread "logback-92" daemon [_thread_blocked, id=41608, stack(0x0000000074be0000,0x0000000074ce0000)]
  0x00000000424eb800 JavaThread "logback-91" daemon [_thread_blocked, id=62728, stack(0x0000000074ae0000,0x0000000074be0000)]
  0x00000000424ea800 JavaThread "logback-90" daemon [_thread_blocked, id=37032, stack(0x00000000749e0000,0x0000000074ae0000)]
  0x000000005252f000 JavaThread "logback-89" daemon [_thread_blocked, id=47272, stack(0x00000000748e0000,0x00000000749e0000)]
  0x000000003cf3c000 JavaThread "logback-88" daemon [_thread_blocked, id=7856, stack(0x00000000747e0000,0x00000000748e0000)]
  0x000000005245a800 JavaThread "logback-87" daemon [_thread_blocked, id=23616, stack(0x00000000746e0000,0x00000000747e0000)]
  0x000000005245f000 JavaThread "logback-86" daemon [_thread_blocked, id=52380, stack(0x00000000725c0000,0x00000000726c0000)]
  0x0000000052451000 JavaThread "logback-85" daemon [_thread_blocked, id=64064, stack(0x0000000066930000,0x0000000066a30000)]
  0x000000005252d000 JavaThread "logback-84" daemon [_thread_blocked, id=42620, stack(0x00000000724c0000,0x00000000725c0000)]
  0x0000000052521800 JavaThread "logback-83" daemon [_thread_blocked, id=38668, stack(0x00000000722c0000,0x00000000723c0000)]
  0x000000003cf3d000 JavaThread "logback-82" daemon [_thread_blocked, id=30060, stack(0x0000000071dc0000,0x0000000071ec0000)]
  0x000000003cf41800 JavaThread "logback-81" daemon [_thread_blocked, id=35208, stack(0x000000004cb00000,0x000000004cc00000)]
  0x0000000052314800 JavaThread "logback-80" daemon [_thread_blocked, id=42080, stack(0x000000006fba0000,0x000000006fca0000)]
  0x000000005230f800 JavaThread "logback-79" daemon [_thread_blocked, id=61104, stack(0x0000000067f40000,0x0000000068040000)]
  0x000000005230b000 JavaThread "logback-78" daemon [_thread_blocked, id=24568, stack(0x0000000067d40000,0x0000000067e40000)]
  0x000000004b558800 JavaThread "logback-77" daemon [_thread_blocked, id=59780, stack(0x0000000066a30000,0x0000000066b30000)]
  0x000000003cf42000 JavaThread "grpc-nio-worker-ELG-1-8" daemon [_thread_in_native, id=25188, stack(0x00000000628e0000,0x00000000629e0000)]
  0x00000000523a0800 JavaThread "grpc-nio-worker-ELG-1-7" daemon [_thread_in_native, id=61768, stack(0x00000000621e0000,0x00000000622e0000)]
  0x0000000052396000 JavaThread "com.alibaba.nacos.naming.push.receiver" daemon [_thread_in_native, id=10660, stack(0x000000005eeb0000,0x000000005efb0000)]
  0x000000004b558000 JavaThread "logback-76" daemon [_thread_blocked, id=1684, stack(0x000000005b170000,0x000000005b270000)]
  0x000000004b557000 JavaThread "logback-75" daemon [_thread_blocked, id=31220, stack(0x000000005b070000,0x000000005b170000)]
  0x000000004b555800 JavaThread "logback-74" daemon [_thread_blocked, id=43756, stack(0x000000005ad70000,0x000000005ae70000)]
  0x000000004b555000 JavaThread "logback-73" daemon [_thread_blocked, id=45412, stack(0x000000005a860000,0x000000005a960000)]
  0x000000004b54c800 JavaThread "logback-72" daemon [_thread_blocked, id=24140, stack(0x0000000057630000,0x0000000057730000)]
  0x000000004b553800 JavaThread "logback-71" daemon [_thread_blocked, id=31804, stack(0x0000000053e10000,0x0000000053f10000)]
  0x0000000052314000 JavaThread "logback-70" daemon [_thread_blocked, id=2720, stack(0x0000000056f30000,0x0000000057030000)]
  0x000000005230b800 JavaThread "logback-69" daemon [_thread_blocked, id=15260, stack(0x0000000056930000,0x0000000056a30000)]
  0x0000000052311800 JavaThread "tableMetaChecker_2_1" daemon [_thread_blocked, id=38436, stack(0x0000000054010000,0x0000000054110000)]
  0x000000005230d000 JavaThread "NettyClientSelector_RMROLE_2_1" daemon [_thread_in_native, id=36664, stack(0x0000000053c10000,0x0000000053d10000)]
  0x000000005230e800 JavaThread "rpcMergeMessageSend_RMROLE_2_1" daemon [_thread_blocked, id=53008, stack(0x0000000053b10000,0x0000000053c10000)]
  0x0000000052539000 JavaThread "timeoutChecker_4_1" daemon [_thread_blocked, id=47264, stack(0x0000000053910000,0x0000000053a10000)]
  0x0000000052538000 JavaThread "NettyClientSelector_TMROLE_2_1" daemon [_thread_in_native, id=27156, stack(0x0000000053310000,0x0000000053410000)]
  0x0000000052530800 JavaThread "timeoutChecker_3_1" daemon [_thread_blocked, id=8228, stack(0x0000000053210000,0x0000000053310000)]
  0x0000000052536000 JavaThread "logback-60" daemon [_thread_blocked, id=54472, stack(0x0000000050a30000,0x0000000050b30000)]
  0x0000000052535000 JavaThread "logback-59" daemon [_thread_blocked, id=30804, stack(0x000000004ad20000,0x000000004ae20000)]
  0x0000000052528800 JavaThread "logback-58" daemon [_thread_blocked, id=40020, stack(0x0000000050120000,0x0000000050220000)]
  0x000000005252d800 JavaThread "logback-57" daemon [_thread_blocked, id=17508, stack(0x0000000047800000,0x0000000047900000)]
  0x000000005252e800 JavaThread "logback-56" daemon [_thread_blocked, id=31372, stack(0x000000004c800000,0x000000004c900000)]
  0x0000000052533000 JavaThread "logback-55" daemon [_thread_blocked, id=48576, stack(0x000000004b120000,0x000000004b220000)]
  0x0000000052525800 JavaThread "logback-54" daemon [_thread_blocked, id=52128, stack(0x0000000047e00000,0x0000000047f00000)]
  0x000000005252c000 JavaThread "logback-53" daemon [_thread_blocked, id=18256, stack(0x0000000047d00000,0x0000000047e00000)]
  0x0000000052522800 JavaThread "File Watcher" daemon [_thread_blocked, id=21848, stack(0x0000000046900000,0x0000000046a00000)]
  0x000000005251c800 JavaThread "logback-52" daemon [_thread_blocked, id=58172, stack(0x0000000043de0000,0x0000000043ee0000)]
  0x0000000052523000 JavaThread "logback-51" daemon [_thread_blocked, id=35372, stack(0x0000000040df0000,0x0000000040ef0000)]
  0x000000005251a000 JavaThread "logback-50" daemon [_thread_blocked, id=35168, stack(0x000000003fbf0000,0x000000003fcf0000)]
  0x000000003dd78000 JavaThread "logback-49" daemon [_thread_blocked, id=45956, stack(0x0000000001130000,0x0000000001230000)]
  0x000000005252a800 JavaThread "com.alibaba.nacos.client.naming.updater.7" daemon [_thread_blocked, id=25312, stack(0x000000006a350000,0x000000006a450000)]
  0x0000000052526000 JavaThread "sentinel-command-center-service-executor-thread-16" daemon [_thread_blocked, id=52364, stack(0x0000000069140000,0x0000000069240000)]
  0x000000005252a000 JavaThread "sentinel-command-center-service-executor-thread-15" daemon [_thread_blocked, id=42100, stack(0x0000000068f40000,0x0000000069040000)]
  0x0000000052529000 JavaThread "sentinel-command-center-service-executor-thread-14" daemon [_thread_blocked, id=62280, stack(0x0000000069040000,0x0000000069140000)]
  0x0000000052520000 JavaThread "sentinel-command-center-service-executor-thread-13" daemon [_thread_blocked, id=54896, stack(0x0000000068c40000,0x0000000068d40000)]
  0x0000000052524800 JavaThread "sentinel-command-center-service-executor-thread-12" daemon [_thread_blocked, id=52196, stack(0x0000000068640000,0x0000000068740000)]
  0x000000005251e800 JavaThread "sentinel-command-center-service-executor-thread-11" daemon [_thread_blocked, id=57808, stack(0x0000000066730000,0x0000000066830000)]
  0x000000005251e000 JavaThread "sentinel-command-center-service-executor-thread-10" daemon [_thread_blocked, id=62916, stack(0x0000000068540000,0x0000000068640000)]
  0x000000005251b000 JavaThread "sentinel-command-center-service-executor-thread-9" daemon [_thread_blocked, id=41684, stack(0x0000000068940000,0x0000000068a40000)]
  0x000000005251d000 JavaThread "com.alibaba.nacos.client.naming.updater.6" daemon [_thread_blocked, id=60580, stack(0x0000000068840000,0x0000000068940000)]
  0x0000000052521000 JavaThread "sentinel-command-center-service-executor-thread-8" daemon [_thread_blocked, id=23560, stack(0x0000000068740000,0x0000000068840000)]
  0x000000003d753000 JavaThread "sentinel-command-center-service-executor-thread-7" daemon [_thread_blocked, id=62736, stack(0x0000000068440000,0x0000000068540000)]
  0x0000000052451800 JavaThread "sentinel-command-center-service-executor-thread-6" daemon [_thread_blocked, id=44780, stack(0x0000000068340000,0x0000000068440000)]
  0x000000005239c800 JavaThread "sentinel-command-center-service-executor-thread-5" daemon [_thread_blocked, id=35460, stack(0x0000000067b40000,0x0000000067c40000)]
  0x000000003d74a800 JavaThread "sentinel-command-center-service-executor-thread-4" daemon [_thread_blocked, id=44004, stack(0x0000000067e40000,0x0000000067f40000)]
  0x0000000052393000 JavaThread "sentinel-command-center-service-executor-thread-3" daemon [_thread_blocked, id=32556, stack(0x0000000064050000,0x0000000064150000)]
  0x0000000052397800 JavaThread "sentinel-command-center-service-executor-thread-2" daemon [_thread_blocked, id=33884, stack(0x0000000062be0000,0x0000000062ce0000)]
  0x000000005239d800 JavaThread "sentinel-command-center-service-executor-thread-1" daemon [_thread_blocked, id=40264, stack(0x00000000629e0000,0x0000000062ae0000)]
  0x000000005239b000 JavaThread "sentinel-heartbeat-send-task-thread-2" daemon [_thread_blocked, id=42192, stack(0x0000000066830000,0x0000000066930000)]
  0x0000000052398000 JavaThread "com.alibaba.nacos.client.naming.updater.5" daemon [_thread_blocked, id=38740, stack(0x0000000066230000,0x0000000066330000)]
  0x0000000052399000 JavaThread "sentinel-command-center-executor-thread-1" daemon [_thread_in_native, id=18952, stack(0x0000000064150000,0x0000000064250000)]
  0x0000000052395000 JavaThread "sentinel-metrics-record-task-thread-1" daemon [_thread_blocked, id=63476, stack(0x0000000062fe0000,0x00000000630e0000)]
  0x0000000052394800 JavaThread "sentinel-system-status-record-task-thread-1" daemon [_thread_blocked, id=51500, stack(0x0000000062ee0000,0x0000000062fe0000)]
  0x0000000052391800 JavaThread "sentinel-time-tick-thread" daemon [_thread_blocked, id=50912, stack(0x0000000062de0000,0x0000000062ee0000)]
  0x0000000052396800 JavaThread "sentinel-heartbeat-send-task-thread-1" daemon [_thread_blocked, id=63964, stack(0x0000000062ce0000,0x0000000062de0000)]
  0x000000004b3a6000 JavaThread "logback-48" daemon [_thread_blocked, id=49368, stack(0x00000000627e0000,0x00000000628e0000)]
  0x000000004b398800 JavaThread "logback-47" daemon [_thread_blocked, id=46036, stack(0x00000000623e0000,0x00000000624e0000)]
  0x000000004b397800 JavaThread "logback-46" daemon [_thread_blocked, id=48532, stack(0x00000000619e0000,0x0000000061ae0000)]
  0x000000004b39e800 JavaThread "logback-45" daemon [_thread_blocked, id=41776, stack(0x0000000055320000,0x0000000055420000)]
  0x000000005245a000 JavaThread "logback-44" daemon [_thread_blocked, id=8896, stack(0x0000000053a10000,0x0000000053b10000)]
  0x000000004b3a2000 JavaThread "com.alibaba.nacos.client.naming.updater.4" daemon [_thread_blocked, id=46640, stack(0x00000000622e0000,0x00000000623e0000)]
  0x000000004b3a4800 JavaThread "logback-43" daemon [_thread_blocked, id=31084, stack(0x00000000620e0000,0x00000000621e0000)]
  0x000000004b3a3000 JavaThread "logback-42" daemon [_thread_blocked, id=27960, stack(0x0000000061fe0000,0x00000000620e0000)]
  0x000000004b3a6800 JavaThread "logback-41" daemon [_thread_blocked, id=49100, stack(0x0000000061ee0000,0x0000000061fe0000)]
  0x000000004b3a3800 JavaThread "logback-40" daemon [_thread_blocked, id=38128, stack(0x0000000061de0000,0x0000000061ee0000)]
  0x000000004b39b800 JavaThread "logback-39" daemon [_thread_blocked, id=42328, stack(0x0000000061ce0000,0x0000000061de0000)]
  0x000000004b39d000 JavaThread "logback-37" daemon [_thread_blocked, id=43248, stack(0x00000000618e0000,0x00000000619e0000)]
  0x000000004b399000 JavaThread "logback-38" daemon [_thread_blocked, id=27892, stack(0x00000000617e0000,0x00000000618e0000)]
  0x000000004b3a0000 JavaThread "logback-36" daemon [_thread_blocked, id=57728, stack(0x00000000605c0000,0x00000000606c0000)]
  0x000000004b39c000 JavaThread "logback-35" daemon [_thread_blocked, id=38120, stack(0x000000005f0b0000,0x000000005f1b0000)]
  0x000000004b39a800 JavaThread "logback-34" daemon [_thread_blocked, id=46672, stack(0x0000000056730000,0x0000000056830000)]
  0x00000000424ea000 JavaThread "com.alibaba.nacos.client.naming.updater.3" daemon [_thread_blocked, id=36668, stack(0x00000000606c0000,0x00000000607c0000)]
  0x000000004b556800 JavaThread "logback-33" daemon [_thread_blocked, id=20680, stack(0x000000005f4b0000,0x000000005f5b0000)]
  0x000000003dd82000 JavaThread "logback-32" daemon [_thread_blocked, id=48752, stack(0x000000005f3b0000,0x000000005f4b0000)]
  0x000000003dd7e000 JavaThread "logback-31" daemon [_thread_blocked, id=28324, stack(0x000000005f2b0000,0x000000005f3b0000)]
  0x00000000424ee800 JavaThread "logback-30" daemon [_thread_blocked, id=56968, stack(0x000000005f1b0000,0x000000005f2b0000)]
  0x00000000424ed000 JavaThread "logback-29" daemon [_thread_blocked, id=49192, stack(0x000000005daa0000,0x000000005dba0000)]
  0x000000005245e800 JavaThread "logback-28" daemon [_thread_blocked, id=42880, stack(0x000000005d490000,0x000000005d590000)]
  0x0000000052457000 JavaThread "logback-27" daemon [_thread_blocked, id=53284, stack(0x0000000056830000,0x0000000056930000)]
  0x000000005245b800 JavaThread "logback-26" daemon [_thread_blocked, id=27368, stack(0x000000004ce00000,0x000000004cf00000)]
  0x000000005245d000 JavaThread "logback-25" daemon [_thread_blocked, id=25748, stack(0x00000000428c0000,0x00000000429c0000)]
  0x0000000052454800 JavaThread "logback-24" daemon [_thread_blocked, id=54668, stack(0x000000003f9f0000,0x000000003faf0000)]
  0x000000005245c000 JavaThread "com.alibaba.nacos.client.naming.updater.2" daemon [_thread_blocked, id=61992, stack(0x000000005edb0000,0x000000005eeb0000)]
  0x0000000052316000 JavaThread "logback-23" daemon [_thread_blocked, id=59148, stack(0x000000005ebb0000,0x000000005ecb0000)]
  0x000000005230c800 JavaThread "logback-22" daemon [_thread_blocked, id=54736, stack(0x000000005d290000,0x000000005d390000)]
  0x0000000052313000 JavaThread "logback-21" daemon [_thread_blocked, id=40180, stack(0x0000000051e40000,0x0000000051f40000)]
  0x000000005230e000 JavaThread "logback-20" daemon [_thread_blocked, id=52372, stack(0x0000000049b10000,0x0000000049c10000)]
  0x000000005245d800 JavaThread "logback-19" daemon [_thread_blocked, id=948, stack(0x00000000013a0000,0x00000000014a0000)]
  0x0000000052455800 JavaThread "logback-18" daemon [_thread_blocked, id=1820, stack(0x0000000056530000,0x0000000056630000)]
  0x0000000052454000 JavaThread "logback-17" daemon [_thread_blocked, id=28588, stack(0x0000000056430000,0x0000000056530000)]
  0x0000000052453000 JavaThread "logback-16" daemon [_thread_blocked, id=52580, stack(0x000000004ac20000,0x000000004ad20000)]
  0x0000000052459000 JavaThread "logback-15" daemon [_thread_blocked, id=42868, stack(0x000000003f5f0000,0x000000003f6f0000)]
  0x0000000052457800 JavaThread "logback-14" daemon [_thread_blocked, id=50888, stack(0x000000003f4f0000,0x000000003f5f0000)]
  0x0000000052452800 JavaThread "boundedElastic-evictor-1" daemon [_thread_blocked, id=11236, stack(0x000000005d390000,0x000000005d490000)]
  0x0000000052450000 JavaThread "DestroyJavaVM" [_thread_blocked, id=52640, stack(0x00000000032d0000,0x00000000033d0000)]
  0x000000003cf3d800 JavaThread "grpc-nio-worker-ELG-1-6" daemon [_thread_in_native, id=26188, stack(0x0000000054210000,0x0000000054310000)]
  0x000000003cf3e800 JavaThread "grpc-nio-worker-ELG-1-5" daemon [_thread_in_native, id=14144, stack(0x0000000054110000,0x0000000054210000)]
  0x000000003dd7f000 JavaThread "com.alibaba.nacos.naming.push.receiver" daemon [_thread_in_native, id=12048, stack(0x0000000053d10000,0x0000000053e10000)]
  0x000000003dd84000 JavaThread "fenceLogCleanThread_1_1" daemon [_thread_blocked, id=38308, stack(0x0000000053610000,0x0000000053710000)]
  0x000000004b54b000 JavaThread "Thread-45" daemon [_thread_in_native, id=52936, stack(0x0000000050730000,0x0000000050830000)]
  0x000000004b550800 JavaThread "tableMetaChecker_1_1" daemon [_thread_blocked, id=31860, stack(0x0000000050630000,0x0000000050730000)]
  0x000000004b54e000 JavaThread "mysql-cj-abandoned-connection-cleanup" daemon [_thread_blocked, id=28756, stack(0x000000004fa20000,0x000000004fb20000)]
  0x000000004b54f000 JavaThread "com.alibaba.nacos.client.naming.updater.1" daemon [_thread_blocked, id=34264, stack(0x000000004f620000,0x000000004f720000)]
  0x00000000424e8800 JavaThread "AsyncWorker_1_2_2" daemon [_thread_blocked, id=14648, stack(0x000000004cd00000,0x000000004ce00000)]
  0x00000000424ef000 JavaThread "rpcMergeMessageSend_RMROLE_1_1" daemon [_thread_blocked, id=14996, stack(0x000000004cc00000,0x000000004cd00000)]
  0x00000000424ed800 JavaThread "xaTwoPhaseTimeoutChecker_1_1" daemon [_thread_blocked, id=10992, stack(0x000000004ca00000,0x000000004cb00000)]
  0x00000000424ec000 JavaThread "AsyncWorker_1_1_2" daemon [_thread_blocked, id=14780, stack(0x000000004c900000,0x000000004ca00000)]
  0x000000003d753800 JavaThread "com.alibaba.nacos.client.naming.updater.0" daemon [_thread_blocked, id=17248, stack(0x000000004ae20000,0x000000004af20000)]
  0x000000003d756000 JavaThread "grpc-nio-worker-ELG-1-4" daemon [_thread_in_native, id=48400, stack(0x0000000048a00000,0x0000000048b00000)]
  0x000000003d755000 JavaThread "grpc-nio-worker-ELG-1-3" daemon [_thread_in_native, id=52776, stack(0x0000000048900000,0x0000000048a00000)]
  0x000000003d749000 JavaThread "com.alibaba.nacos.client.remote.worker" daemon [_thread_blocked, id=54932, stack(0x0000000048800000,0x0000000048900000)]
  0x000000003d750000 JavaThread "com.alibaba.nacos.client.remote.worker" daemon [_thread_blocked, id=45144, stack(0x0000000048700000,0x0000000048800000)]
  0x000000003d74c000 JavaThread "com.alibaba.nacos.client.naming.grpc.redo.0" daemon [_thread_blocked, id=38240, stack(0x0000000048600000,0x0000000048700000)]
  0x000000003d74b800 JavaThread "com.alibaba.nacos.naming.push.receiver" daemon [_thread_in_native, id=48284, stack(0x0000000048500000,0x0000000048600000)]
  0x000000003d748800 JavaThread "com.alibaba.nacos.client.naming.security" daemon [_thread_blocked, id=26340, stack(0x0000000048400000,0x0000000048500000)]
  0x000000003d74d000 JavaThread "com.alibaba.nacos.naming.failover" daemon [_thread_blocked, id=27936, stack(0x0000000048000000,0x0000000048100000)]
  0x000000003d74f000 JavaThread "nacos.publisher-com.alibaba.nacos.client.naming.event.InstancesChangeEvent" daemon [_thread_blocked, id=42580, stack(0x0000000047f00000,0x0000000048000000)]
  0x000000003d74d800 JavaThread "fileListener_3_1" daemon [_thread_blocked, id=53836, stack(0x0000000047c00000,0x0000000047d00000)]
  0x000000003dd77800 JavaThread "grpc-nio-worker-ELG-1-2" daemon [_thread_in_native, id=24728, stack(0x0000000042bc0000,0x0000000042cc0000)]
  0x000000003dd76800 JavaThread "grpc-nio-worker-ELG-1-1" daemon [_thread_in_native, id=36956, stack(0x00000000427c0000,0x00000000428c0000)]
  0x000000003dd7d800 JavaThread "com.alibaba.nacos.client.remote.worker" daemon [_thread_blocked, id=61448, stack(0x00000000412f0000,0x00000000413f0000)]
  0x000000003dd76000 JavaThread "com.alibaba.nacos.client.remote.worker" daemon [_thread_blocked, id=6512, stack(0x00000000411f0000,0x00000000412f0000)]
  0x000000003dd7c800 JavaThread "nacos.publisher-com.alibaba.nacos.common.notify.SlowEvent" daemon [_thread_blocked, id=62832, stack(0x00000000410f0000,0x00000000411f0000)]
  0x000000003dd7b000 JavaThread "logback-5" daemon [_thread_blocked, id=15380, stack(0x0000000040ff0000,0x00000000410f0000)]
  0x000000003dd7a800 JavaThread "logback-4" daemon [_thread_blocked, id=33436, stack(0x0000000040ef0000,0x0000000040ff0000)]
  0x000000003dd79000 JavaThread "com.alibaba.nacos.client.Worker" daemon [_thread_blocked, id=8532, stack(0x0000000040af0000,0x0000000040bf0000)]
  0x000000003d0f9000 JavaThread "logback-3" daemon [_thread_blocked, id=36400, stack(0x000000003fef0000,0x000000003fff0000)]
  0x000000003db66800 JavaThread "logback-2" daemon [_thread_blocked, id=620, stack(0x00000000402f0000,0x00000000403f0000)]
  0x000000003daeb000 JavaThread "logback-1" daemon [_thread_blocked, id=55672, stack(0x00000000401f0000,0x00000000402f0000)]
  0x000000003d915800 JavaThread "RMI Scheduler(0)" daemon [_thread_blocked, id=37884, stack(0x000000003faf0000,0x000000003fbf0000)]
  0x000000003d3fb000 JavaThread "RMI TCP Accept-0" daemon [_thread_in_native, id=11020, stack(0x000000003efb0000,0x000000003f0b0000)]
  0x000000003d1ef800 JavaThread "Service Thread" daemon [_thread_blocked, id=54452, stack(0x000000003eeb0000,0x000000003efb0000)]
  0x000000003d0ff800 JavaThread "C1 CompilerThread11" daemon [_thread_in_native, id=16984, stack(0x000000003ecb0000,0x000000003edb0000)]
  0x000000003d0fe000 JavaThread "C1 CompilerThread10" daemon [_thread_in_native, id=38368, stack(0x000000003ebb0000,0x000000003ecb0000)]
  0x000000003d0fd800 JavaThread "C1 CompilerThread9" daemon [_thread_in_native, id=23416, stack(0x000000003eab0000,0x000000003ebb0000)]
=>0x000000003d0f9800 JavaThread "C1 CompilerThread8" daemon [_thread_in_vm, id=61000, stack(0x000000003e9b0000,0x000000003eab0000)]
  0x000000003d0fc000 JavaThread "C2 CompilerThread7" daemon [_thread_blocked, id=35572, stack(0x000000003e8b0000,0x000000003e9b0000)]
  0x000000003d0fc800 JavaThread "C2 CompilerThread6" daemon [_thread_blocked, id=43700, stack(0x000000003e7b0000,0x000000003e8b0000)]
  0x000000003d0fa800 JavaThread "C2 CompilerThread5" daemon [_thread_blocked, id=24536, stack(0x000000003e6b0000,0x000000003e7b0000)]
  0x000000003d0fb000 JavaThread "C2 CompilerThread4" daemon [_thread_blocked, id=18936, stack(0x000000003e5b0000,0x000000003e6b0000)]
  0x000000003d0f6000 JavaThread "C2 CompilerThread3" daemon [_thread_blocked, id=21580, stack(0x000000003e4b0000,0x000000003e5b0000)]
  0x000000003d0ef000 JavaThread "C2 CompilerThread2" daemon [_thread_blocked, id=25160, stack(0x000000003e3b0000,0x000000003e4b0000)]
  0x000000003d0ee800 JavaThread "C2 CompilerThread1" daemon [_thread_blocked, id=54512, stack(0x000000003e2b0000,0x000000003e3b0000)]
  0x000000003d0c9000 JavaThread "C2 CompilerThread0" daemon [_thread_blocked, id=19964, stack(0x000000003e1b0000,0x000000003e2b0000)]
  0x000000003ac77000 JavaThread "Attach Listener" daemon [_thread_blocked, id=56140, stack(0x000000003c7e0000,0x000000003c8e0000)]
  0x000000003ac5f000 JavaThread "Signal Dispatcher" daemon [_thread_blocked, id=62664, stack(0x000000003c6e0000,0x000000003c7e0000)]
  0x00000000391fc800 JavaThread "Finalizer" daemon [_thread_blocked, id=1512, stack(0x000000003c4e0000,0x000000003c5e0000)]
  0x000000003ac46800 JavaThread "Reference Handler" daemon [_thread_blocked, id=5888, stack(0x000000003c3e0000,0x000000003c4e0000)]

Other Threads:
  0x000000003ac23800 VMThread [stack: 0x000000003c2e0000,0x000000003c3e0000] [id=52720]
  0x000000003d404000 WatcherThread [stack: 0x000000003f0b0000,0x000000003f1b0000] [id=54672]

VM state:not at safepoint (normal execution)

VM Mutex/Monitor currently owned by a thread:  ([mutex/lock_event])
[0x00000000033d6440] CompiledIC_lock - owner thread: 0x000000003d0f9800

heap address: 0x00000003c9400000, size: 16236 MB, Compressed Oops mode: Zero based, Oop shift amount: 3
Narrow klass base: 0x0000000000000000, Narrow klass shift: 3
Compressed class space size: 1073741824 Address: 0x00000007c0000000

Heap:
 PSYoungGen      total 4275200K, used 2500680K [0x000000066dc00000, 0x000000077e600000, 0x00000007c0000000)
  eden space 4102144K, 56% used [0x000000066dc00000,0x00000006fbd19fb8,0x0000000768200000)
  from space 173056K, 99% used [0x0000000773d00000,0x000000077e5f82a0,0x000000077e600000)
  to   space 178176K, 0% used [0x0000000768200000,0x0000000768200000,0x0000000773000000)
 ParOldGen       total 533504K, used 169248K [0x00000003c9400000, 0x00000003e9d00000, 0x000000066dc00000)
  object space 533504K, 31% used [0x00000003c9400000,0x00000003d39482d8,0x00000003e9d00000)
 Metaspace       used 95805K, capacity 101768K, committed 101888K, reserved 1136640K
  class space    used 12644K, capacity 13774K, committed 13824K, reserved 1048576K

Card table byte_map: [0x00000000129b0000,0x0000000014970000] byte_map_base: 0x0000000010b66000

Marking Bits: (ParMarkBitMap*) 0x0000000075db5ce0
 Begin Bits: [0x0000000016ba0000, 0x0000000026950000)
 End Bits:   [0x0000000026950000, 0x0000000036700000)

Polling page: 0x0000000000be0000

CodeCache: size=245760Kb used=27731Kb max_used=27731Kb free=218028Kb
 bounds [0x00000000035f0000, 0x0000000005110000, 0x00000000125f0000]
 total_blobs=15157 nmethods=14430 adapters=633
 compilation: enabled

Compilation events (10 events):
Event: 2446.082 Thread 0x000000003d0fe000 nmethod 14647 0x0000000005105350 code [0x0000000005105520, 0x0000000005105938]
Event: 2446.082 Thread 0x000000003d0fd800 nmethod 14655 0x0000000005105bd0 code [0x0000000005105d60, 0x0000000005106048]
Event: 2446.082 Thread 0x000000003d0ff800 nmethod 14654 0x0000000005106350 code [0x0000000005106540, 0x0000000005106ad8]
Event: 2446.082 Thread 0x000000003d0fe000 14662   !   1       com.sun.org.apache.xerces.internal.impl.XMLVersionDetector::determineDocVersion (314 bytes)
Event: 2446.082 Thread 0x000000003d0fd800 14663       1       com.sun.org.apache.xerces.internal.impl.XMLEntityManager::setupCurrentEntity (1214 bytes)
Event: 2446.082 Thread 0x000000003d0ff800 14648       1       com.sun.org.apache.xerces.internal.parsers.AbstractXMLDocumentParser::reset (10 bytes)
Event: 2446.082 Thread 0x000000003d0ff800 nmethod 14648 0x0000000005107090 code [0x00000000051071e0, 0x00000000051072f0]
Event: 2446.082 Thread 0x000000003d0ff800 14649       1       com.sun.org.apache.xerces.internal.parsers.XMLParser::reset (1 bytes)
Event: 2446.082 Thread 0x000000003d0ff800 nmethod 14649 0x0000000005107350 code [0x00000000051074a0, 0x00000000051075b0]
Event: 2446.082 Thread 0x000000003d0ff800 14650   !   1       com.sun.org.apache.xerces.internal.parsers.XML11Configuration::parse (77 bytes)

GC Heap History (10 events):
Event: 784.180 GC heap before
{Heap before GC invocations=17 (full 4):
 PSYoungGen      total 2889216K, used 2804224K [0x000000066dc00000, 0x0000000723880000, 0x00000007c0000000)
  eden space 2804224K, 100% used [0x000000066dc00000,0x0000000718e80000,0x0000000718e80000)
  from space 84992K, 0% used [0x000000071e580000,0x000000071e580000,0x0000000723880000)
  to   space 87040K, 0% used [0x0000000718e80000,0x0000000718e80000,0x000000071e380000)
 ParOldGen       total 533504K, used 66036K [0x00000003c9400000, 0x00000003e9d00000, 0x000000066dc00000)
  object space 533504K, 12% used [0x00000003c9400000,0x00000003cd47d058,0x00000003e9d00000)
 Metaspace       used 92884K, capacity 98550K, committed 98816K, reserved 1134592K
  class space    used 12409K, capacity 13478K, committed 13568K, reserved 1048576K
Event: 784.399 GC heap after
Heap after GC invocations=17 (full 4):
 PSYoungGen      total 2891264K, used 87017K [0x000000066dc00000, 0x000000077af00000, 0x00000007c0000000)
  eden space 2804224K, 0% used [0x000000066dc00000,0x000000066dc00000,0x0000000718e80000)
  from space 87040K, 99% used [0x0000000718e80000,0x000000071e37a658,0x000000071e380000)
  to   space 130048K, 0% used [0x0000000773000000,0x0000000773000000,0x000000077af00000)
 ParOldGen       total 533504K, used 141958K [0x00000003c9400000, 0x00000003e9d00000, 0x000000066dc00000)
  object space 533504K, 26% used [0x00000003c9400000,0x00000003d1ea1b48,0x00000003e9d00000)
 Metaspace       used 92884K, capacity 98550K, committed 98816K, reserved 1134592K
  class space    used 12409K, capacity 13478K, committed 13568K, reserved 1048576K
}
Event: 808.014 GC heap before
{Heap before GC invocations=18 (full 4):
 PSYoungGen      total 2891264K, used 2891241K [0x000000066dc00000, 0x000000077af00000, 0x00000007c0000000)
  eden space 2804224K, 100% used [0x000000066dc00000,0x0000000718e80000,0x0000000718e80000)
  from space 87040K, 99% used [0x0000000718e80000,0x000000071e37a658,0x000000071e380000)
  to   space 130048K, 0% used [0x0000000773000000,0x0000000773000000,0x000000077af00000)
 ParOldGen       total 533504K, used 141958K [0x00000003c9400000, 0x00000003e9d00000, 0x000000066dc00000)
  object space 533504K, 26% used [0x00000003c9400000,0x00000003d1ea1b48,0x00000003e9d00000)
 Metaspace       used 93123K, capacity 98882K, committed 99072K, reserved 1134592K
  class space    used 12447K, capacity 13531K, committed 13568K, reserved 1048576K
Event: 808.585 GC heap after
Heap after GC invocations=18 (full 4):
 PSYoungGen      total 4232192K, used 130016K [0x000000066dc00000, 0x000000077f000000, 0x00000007c0000000)
  eden space 4102144K, 0% used [0x000000066dc00000,0x000000066dc00000,0x0000000768200000)
  from space 130048K, 99% used [0x0000000773000000,0x000000077aef82a8,0x000000077af00000)
  to   space 178176K, 0% used [0x0000000768200000,0x0000000768200000,0x0000000773000000)
 ParOldGen       total 533504K, used 210227K [0x00000003c9400000, 0x00000003e9d00000, 0x000000066dc00000)
  object space 533504K, 39% used [0x00000003c9400000,0x00000003d614ce60,0x00000003e9d00000)
 Metaspace       used 93123K, capacity 98882K, committed 99072K, reserved 1134592K
  class space    used 12447K, capacity 13531K, committed 13568K, reserved 1048576K
}
Event: 2230.847 GC heap before
{Heap before GC invocations=19 (full 4):
 PSYoungGen      total 4232192K, used 2942374K [0x000000066dc00000, 0x000000077f000000, 0x00000007c0000000)
  eden space 4102144K, 68% used [0x000000066dc00000,0x00000007196717a8,0x0000000768200000)
  from space 130048K, 99% used [0x0000000773000000,0x000000077aef82a8,0x000000077af00000)
  to   space 178176K, 0% used [0x0000000768200000,0x0000000768200000,0x0000000773000000)
 ParOldGen       total 533504K, used 210227K [0x00000003c9400000, 0x00000003e9d00000, 0x000000066dc00000)
  object space 533504K, 39% used [0x00000003c9400000,0x00000003d614ce60,0x00000003e9d00000)
 Metaspace       used 94672K, capacity 100510K, committed 100736K, reserved 1136640K
  class space    used 12535K, capacity 13646K, committed 13696K, reserved 1048576K
Event: 2230.950 GC heap after
Heap after GC invocations=19 (full 4):
 PSYoungGen      total 4280320K, used 22498K [0x000000066dc00000, 0x000000077e600000, 0x00000007c0000000)
  eden space 4102144K, 0% used [0x000000066dc00000,0x000000066dc00000,0x0000000768200000)
  from space 178176K, 12% used [0x0000000768200000,0x00000007697f8be0,0x0000000773000000)
  to   space 173056K, 0% used [0x0000000773d00000,0x0000000773d00000,0x000000077e600000)
 ParOldGen       total 533504K, used 216864K [0x00000003c9400000, 0x00000003e9d00000, 0x000000066dc00000)
  object space 533504K, 40% used [0x00000003c9400000,0x00000003d67c8068,0x00000003e9d00000)
 Metaspace       used 94672K, capacity 100510K, committed 100736K, reserved 1136640K
  class space    used 12535K, capacity 13646K, committed 13696K, reserved 1048576K
}
Event: 2230.950 GC heap before
{Heap before GC invocations=20 (full 5):
 PSYoungGen      total 4280320K, used 22498K [0x000000066dc00000, 0x000000077e600000, 0x00000007c0000000)
  eden space 4102144K, 0% used [0x000000066dc00000,0x000000066dc00000,0x0000000768200000)
  from space 178176K, 12% used [0x0000000768200000,0x00000007697f8be0,0x0000000773000000)
  to   space 173056K, 0% used [0x0000000773d00000,0x0000000773d00000,0x000000077e600000)
 ParOldGen       total 533504K, used 216864K [0x00000003c9400000, 0x00000003e9d00000, 0x000000066dc00000)
  object space 533504K, 40% used [0x00000003c9400000,0x00000003d67c8068,0x00000003e9d00000)
 Metaspace       used 94672K, capacity 100510K, committed 100736K, reserved 1136640K
  class space    used 12535K, capacity 13646K, committed 13696K, reserved 1048576K
Event: 2232.146 GC heap after
Heap after GC invocations=20 (full 5):
 PSYoungGen      total 4280320K, used 0K [0x000000066dc00000, 0x000000077e600000, 0x00000007c0000000)
  eden space 4102144K, 0% used [0x000000066dc00000,0x000000066dc00000,0x0000000768200000)
  from space 178176K, 0% used [0x0000000768200000,0x0000000768200000,0x0000000773000000)
  to   space 173056K, 0% used [0x0000000773d00000,0x0000000773d00000,0x000000077e600000)
 ParOldGen       total 533504K, used 87826K [0x00000003c9400000, 0x00000003e9d00000, 0x000000066dc00000)
  object space 533504K, 16% used [0x00000003c9400000,0x00000003ce9c49a8,0x00000003e9d00000)
 Metaspace       used 94635K, capacity 100450K, committed 100736K, reserved 1136640K
  class space    used 12530K, capacity 13636K, committed 13696K, reserved 1048576K
}
Event: 2390.105 GC heap before
{Heap before GC invocations=21 (full 5):
 PSYoungGen      total 4280320K, used 4102144K [0x000000066dc00000, 0x000000077e600000, 0x00000007c0000000)
  eden space 4102144K, 100% used [0x000000066dc00000,0x0000000768200000,0x0000000768200000)
  from space 178176K, 0% used [0x0000000768200000,0x0000000768200000,0x0000000773000000)
  to   space 173056K, 0% used [0x0000000773d00000,0x0000000773d00000,0x000000077e600000)
 ParOldGen       total 533504K, used 87826K [0x00000003c9400000, 0x00000003e9d00000, 0x000000066dc00000)
  object space 533504K, 16% used [0x00000003c9400000,0x00000003ce9c49a8,0x00000003e9d00000)
 Metaspace       used 95462K, capacity 101380K, committed 101632K, reserved 1136640K
  class space    used 12604K, capacity 13733K, committed 13824K, reserved 1048576K
Event: 2391.731 GC heap after
Heap after GC invocations=21 (full 5):
 PSYoungGen      total 4275200K, used 173024K [0x000000066dc00000, 0x000000077e600000, 0x00000007c0000000)
  eden space 4102144K, 0% used [0x000000066dc00000,0x000000066dc00000,0x0000000768200000)
  from space 173056K, 99% used [0x0000000773d00000,0x000000077e5f82a0,0x000000077e600000)
  to   space 178176K, 0% used [0x0000000768200000,0x0000000768200000,0x0000000773000000)
 ParOldGen       total 533504K, used 169248K [0x00000003c9400000, 0x00000003e9d00000, 0x000000066dc00000)
  object space 533504K, 31% used [0x00000003c9400000,0x00000003d39482d8,0x00000003e9d00000)
 Metaspace       used 95462K, capacity 101380K, committed 101632K, reserved 1136640K
  class space    used 12604K, capacity 13733K, committed 13824K, reserved 1048576K
}

Deoptimization events (0 events):
No events

Classes redefined (0 events):
No events

Internal exceptions (10 events):
Event: 2446.037 Thread 0x000000005293e800 Exception <a 'java/io/IOException'> (0x00000006fb5b2548) thrown at [C:\re\workspace\8-2-build-windows-amd64-cygwin\jdk8u202\12323\hotspot\src\share\vm\prims\jni.cpp, line 710]
Event: 2446.037 Thread 0x000000005293e800 Exception <a 'java/io/IOException'> (0x00000006fb5b2bd0) thrown at [C:\re\workspace\8-2-build-windows-amd64-cygwin\jdk8u202\12323\hotspot\src\share\vm\prims\jni.cpp, line 710]
Event: 2446.037 Thread 0x000000005293e800 Exception <a 'java/io/IOException'> (0x00000006fb5b3228) thrown at [C:\re\workspace\8-2-build-windows-amd64-cygwin\jdk8u202\12323\hotspot\src\share\vm\prims\jni.cpp, line 710]
Event: 2446.037 Thread 0x000000005293e800 Exception <a 'java/io/IOException'> (0x00000006fb5b38b0) thrown at [C:\re\workspace\8-2-build-windows-amd64-cygwin\jdk8u202\12323\hotspot\src\share\vm\prims\jni.cpp, line 710]
Event: 2446.037 Thread 0x000000005293e800 Exception <a 'java/io/IOException'> (0x00000006fb5b3f38) thrown at [C:\re\workspace\8-2-build-windows-amd64-cygwin\jdk8u202\12323\hotspot\src\share\vm\prims\jni.cpp, line 710]
Event: 2446.037 Thread 0x000000005293e800 Exception <a 'java/io/IOException'> (0x00000006fb5b4590) thrown at [C:\re\workspace\8-2-build-windows-amd64-cygwin\jdk8u202\12323\hotspot\src\share\vm\prims\jni.cpp, line 710]
Event: 2446.037 Thread 0x000000005293e800 Exception <a 'java/io/IOException'> (0x00000006fb5b4d88) thrown at [C:\re\workspace\8-2-build-windows-amd64-cygwin\jdk8u202\12323\hotspot\src\share\vm\prims\jni.cpp, line 710]
Event: 2446.037 Thread 0x000000005293e800 Exception <a 'java/io/IOException'> (0x00000006fb5b5410) thrown at [C:\re\workspace\8-2-build-windows-amd64-cygwin\jdk8u202\12323\hotspot\src\share\vm\prims\jni.cpp, line 710]
Event: 2446.037 Thread 0x000000005293e800 Exception <a 'java/io/IOException'> (0x00000006fb5b5a68) thrown at [C:\re\workspace\8-2-build-windows-amd64-cygwin\jdk8u202\12323\hotspot\src\share\vm\prims\jni.cpp, line 710]
Event: 2446.066 Thread 0x000000005293e800 Exception <a 'java/lang/ArrayIndexOutOfBoundsException'> (0x00000006fb811ed8) thrown at [C:\re\workspace\8-2-build-windows-amd64-cygwin\jdk8u202\12323\hotspot\src\share\vm\runtime\sharedRuntime.cpp, line 605]

Events (10 events):
Event: 2445.803 loading class org/springframework/cloud/sleuth/autoconfig/instrument/web/SkipPatternConfiguration$$Lambda$1087/1301593 done
Event: 2445.803 loading class org/springframework/cloud/sleuth/autoconfig/instrument/web/SkipPatternConfiguration$$Lambda$1087/1301593
Event: 2445.803 loading class org/springframework/cloud/sleuth/autoconfig/instrument/web/SkipPatternConfiguration$$Lambda$1087/1301593 done
Event: 2445.805 loading class org/springframework/cloud/sleuth/autoconfig/instrument/web/SkipPatternConfiguration$$Lambda$1087/1301593
Event: 2445.805 loading class org/springframework/cloud/sleuth/autoconfig/instrument/web/SkipPatternConfiguration$$Lambda$1087/1301593 done
Event: 2445.806 loading class org/springframework/cloud/sleuth/autoconfig/instrument/web/SkipPatternConfiguration$$Lambda$1087/1301593
Event: 2445.806 loading class org/springframework/cloud/sleuth/autoconfig/instrument/web/SkipPatternConfiguration$$Lambda$1087/1301593 done
Event: 2445.825 Thread 0x0000000052311000 Thread added: 0x0000000052311000
Event: 2445.826 Thread 0x0000000052318800 Thread added: 0x0000000052318800
Event: 2445.826 Thread 0x0000000052319000 Thread added: 0x0000000052319000


Dynamic libraries:
0x00007ff703fe0000 - 0x00007ff704017000 	C:\Program Files\Java\jdk1.8.0_202\bin\java.exe
0x00007ff88be30000 - 0x00007ff88c028000 	C:\Windows\SYSTEM32\ntdll.dll
0x00007ff88bcb0000 - 0x00007ff88bd6f000 	C:\Windows\System32\KERNEL32.DLL
0x00007ff889840000 - 0x00007ff889b36000 	C:\Windows\System32\KERNELBASE.dll
0x00007ff889f60000 - 0x00007ff88a00f000 	C:\Windows\System32\ADVAPI32.dll
0x00007ff88a880000 - 0x00007ff88a91e000 	C:\Windows\System32\msvcrt.dll
0x00007ff88a230000 - 0x00007ff88a2cc000 	C:\Windows\System32\sechost.dll
0x00007ff88b820000 - 0x00007ff88b946000 	C:\Windows\System32\RPCRT4.dll
0x00007ff88aa50000 - 0x00007ff88abed000 	C:\Windows\System32\USER32.dll
0x00007ff889e60000 - 0x00007ff889e82000 	C:\Windows\System32\win32u.dll
0x00007ff88a740000 - 0x00007ff88a76c000 	C:\Windows\System32\GDI32.dll
0x00007ff889510000 - 0x00007ff889625000 	C:\Windows\System32\gdi32full.dll
0x00007ff8896a0000 - 0x00007ff88973d000 	C:\Windows\System32\msvcp_win.dll
0x00007ff889740000 - 0x00007ff889840000 	C:\Windows\System32\ucrtbase.dll
0x00007ff87dc00000 - 0x00007ff87de9a000 	C:\Windows\WinSxS\amd64_microsoft.windows.common-controls_6595b64144ccf1df_6.0.19041.1110_none_60b5254171f9507e\COMCTL32.dll
0x00007ff88a150000 - 0x00007ff88a180000 	C:\Windows\System32\IMM32.DLL
0x0000000075e40000 - 0x0000000075f12000 	C:\Program Files\Java\jdk1.8.0_202\jre\bin\msvcr100.dll
0x0000000075590000 - 0x0000000075e35000 	C:\Program Files\Java\jdk1.8.0_202\jre\bin\server\jvm.dll
0x00007ff88bde0000 - 0x00007ff88bde8000 	C:\Windows\System32\PSAPI.DLL
0x00007ff880950000 - 0x00007ff88095a000 	C:\Windows\SYSTEM32\VERSION.dll
0x00007ff87f6e0000 - 0x00007ff87f707000 	C:\Windows\SYSTEM32\WINMM.dll
0x00007ff85a2d0000 - 0x00007ff85a2d9000 	C:\Windows\SYSTEM32\WSOCK32.dll
0x00007ff88bd70000 - 0x00007ff88bddb000 	C:\Windows\System32\WS2_32.dll
0x00007ff8246d0000 - 0x00007ff8246df000 	C:\Program Files\Java\jdk1.8.0_202\jre\bin\verify.dll
0x00007ff8246a0000 - 0x00007ff8246c9000 	C:\Program Files\Java\jdk1.8.0_202\jre\bin\java.dll
0x00007ff86b660000 - 0x00007ff86b683000 	C:\Program Files\Java\jdk1.8.0_202\jre\bin\instrument.dll
0x00007ff824680000 - 0x00007ff824696000 	C:\Program Files\Java\jdk1.8.0_202\jre\bin\zip.dll
0x00007ff88ad30000 - 0x00007ff88b474000 	C:\Windows\System32\SHELL32.dll
0x00007ff887260000 - 0x00007ff8879f3000 	C:\Windows\SYSTEM32\windows.storage.dll
0x00007ff88b950000 - 0x00007ff88bca4000 	C:\Windows\System32\combase.dll
0x00007ff888f50000 - 0x00007ff888f7e000 	C:\Windows\SYSTEM32\Wldp.dll
0x00007ff88a180000 - 0x00007ff88a22d000 	C:\Windows\System32\SHCORE.dll
0x00007ff88b7c0000 - 0x00007ff88b815000 	C:\Windows\System32\shlwapi.dll
0x00007ff889440000 - 0x00007ff889465000 	C:\Windows\SYSTEM32\profapi.dll
0x00007ff86b710000 - 0x00007ff86b72a000 	C:\Program Files\JetBrains\IntelliJ IDEA 2023.2\bin\breakgen64.dll
0x00007ff824570000 - 0x00007ff82458a000 	C:\Program Files\Java\jdk1.8.0_202\jre\bin\net.dll
0x00007ff87f710000 - 0x00007ff87f8fd000 	C:\Windows\SYSTEM32\urlmon.dll
0x00007ff87b1a0000 - 0x00007ff87b45c000 	C:\Windows\SYSTEM32\iertutil.dll
0x00007ff888ab0000 - 0x00007ff888abc000 	C:\Windows\SYSTEM32\netutils.dll
0x00007ff87b030000 - 0x00007ff87b059000 	C:\Windows\SYSTEM32\srvcli.dll
0x00007ff888cb0000 - 0x00007ff888d1a000 	C:\Windows\system32\mswsock.dll
0x00007ff8889e0000 - 0x00007ff888aaa000 	C:\Windows\SYSTEM32\DNSAPI.dll
0x00007ff888950000 - 0x00007ff88898b000 	C:\Windows\SYSTEM32\IPHLPAPI.DLL
0x00007ff88a870000 - 0x00007ff88a878000 	C:\Windows\System32\NSI.dll
0x00007ff882260000 - 0x00007ff88226a000 	C:\Windows\System32\rasadhlp.dll
0x00007ff881d60000 - 0x00007ff881de2000 	C:\Windows\System32\fwpuclnt.dll
0x00007ff889b90000 - 0x00007ff889bb7000 	C:\Windows\System32\bcrypt.dll
0x00007ff86c470000 - 0x00007ff86c47d000 	C:\Program Files\Java\jdk1.8.0_202\jre\bin\management.dll
0x00007ff8243e0000 - 0x00007ff8243f2000 	C:\Program Files\Java\jdk1.8.0_202\jre\bin\nio.dll
0x00007ff888ea0000 - 0x00007ff888eb8000 	C:\Windows\SYSTEM32\CRYPTSP.dll
0x00007ff888550000 - 0x00007ff888584000 	C:\Windows\system32\rsaenh.dll
0x00007ff8893c0000 - 0x00007ff8893ee000 	C:\Windows\SYSTEM32\USERENV.dll
0x00007ff889bc0000 - 0x00007ff889c42000 	C:\Windows\System32\bcryptprimitives.dll
0x00007ff888ec0000 - 0x00007ff888ecc000 	C:\Windows\SYSTEM32\CRYPTBASE.dll
0x00007ff882850000 - 0x00007ff882867000 	C:\Windows\SYSTEM32\dhcpcsvc6.DLL
0x00007ff882510000 - 0x00007ff88252d000 	C:\Windows\SYSTEM32\dhcpcsvc.DLL
0x00007ff864200000 - 0x00007ff864217000 	C:\Windows\system32\napinsp.dll
0x00007ff863360000 - 0x00007ff86337b000 	C:\Windows\system32\pnrpnsp.dll
0x00007ff884570000 - 0x00007ff884585000 	C:\Windows\system32\wshbth.dll
0x00007ff8847e0000 - 0x00007ff8847fd000 	C:\Windows\system32\NLAapi.dll
0x00007ff863340000 - 0x00007ff863352000 	C:\Windows\System32\winrnr.dll
0x0000000180000000 - 0x0000000180288000 	C:\Users\yo\Documents\apache-tomcat-9.0.78\bin\tcnative-1.dll
0x00007ff889c50000 - 0x00007ff889dae000 	C:\Windows\System32\CRYPT32.dll
0x00007ff864ec0000 - 0x00007ff864ee4000 	C:\Program Files\Java\jdk1.8.0_202\jre\bin\sunec.dll
0x00007ff86abf0000 - 0x00007ff86abfb000 	C:\Program Files\Java\jdk1.8.0_202\jre\bin\sunmscapi.dll
0x00007ff86dac0000 - 0x00007ff86db09000 	C:\Windows\SYSTEM32\pdh.dll
0x00007ff86e120000 - 0x00007ff86e12f000 	C:\Windows\System32\perfos.dll

VM Arguments:
jvm_args: -XX:TieredStopAtLevel=1 -Xverify:none -Dspring.output.ansi.enabled=always -Dcom.sun.management.jmxremote -Dspring.jmx.enabled=true -Dspring.liveBeansView.mbeanDomain -Dspring.application.admin.enabled=true -Dmanagement.endpoints.jmx.exposure.include=* -javaagent:C:\Program Files\JetBrains\IntelliJ IDEA 2023.2\lib\idea_rt.jar=58166:C:\Program Files\JetBrains\IntelliJ IDEA 2023.2\bin -Dfile.encoding=UTF-8 
java_command: com.User
java_class_path (initial): C:\Program Files\Java\jdk1.8.0_202\jre\lib\charsets.jar;C:\Program Files\Java\jdk1.8.0_202\jre\lib\deploy.jar;C:\Program Files\Java\jdk1.8.0_202\jre\lib\ext\access-bridge-64.jar;C:\Program Files\Java\jdk1.8.0_202\jre\lib\ext\cldrdata.jar;C:\Program Files\Java\jdk1.8.0_202\jre\lib\ext\dnsns.jar;C:\Program Files\Java\jdk1.8.0_202\jre\lib\ext\jaccess.jar;C:\Program Files\Java\jdk1.8.0_202\jre\lib\ext\jfxrt.jar;C:\Program Files\Java\jdk1.8.0_202\jre\lib\ext\localedata.jar;C:\Program Files\Java\jdk1.8.0_202\jre\lib\ext\nashorn.jar;C:\Program Files\Java\jdk1.8.0_202\jre\lib\ext\sunec.jar;C:\Program Files\Java\jdk1.8.0_202\jre\lib\ext\sunjce_provider.jar;C:\Program Files\Java\jdk1.8.0_202\jre\lib\ext\sunmscapi.jar;C:\Program Files\Java\jdk1.8.0_202\jre\lib\ext\sunpkcs11.jar;C:\Program Files\Java\jdk1.8.0_202\jre\lib\ext\zipfs.jar;C:\Program Files\Java\jdk1.8.0_202\jre\lib\javaws.jar;C:\Program Files\Java\jdk1.8.0_202\jre\lib\jce.jar;C:\Program Files\Java\jdk1.8.0_202\jre\lib\jfr.jar;C:\Program Files\Java\jdk1.8.0_202\jre\lib\jfxswt.jar;C:\Program Files\Java\jdk1.8.0_202\jre\lib\jsse.jar;C:\Program Files\Java\jdk1.8.0_202\jre\lib\management-agent.jar;C:\Program Files\Java\jdk1.8.0_202\jre\lib\plugin.jar;C:\Program Files\Java\jdk1.8.0_202\jre\lib\resources.jar;C:\Program Files\Java\jdk1.8.0_202\jre\lib\rt.jar;C:\Users\yo\Desktop\GraduateProject\back\GraduateTotal\user_micro\target\classes;C:\Users\yo\reposity\com\baomidou\mybatis-plus-boot-starter\3.5.3.1\mybatis-plus-boot-starter-3.5.3.1.jar;C:\Users\yo\reposity\com\baomidou\mybatis-plus\3.5.3.1\mybatis-plus-3.5.3.1.jar;C:\Users\yo\reposity\com\baomidou\mybatis-plus-extension\3.5.3.1\mybatis-plus-extension-3.5.3.1.jar;C:\Users\yo\reposity\com\baomidou\mybatis-plus-core\3.5.3.1\mybatis-plus-core-3.5.3.1.jar;C:\Users\yo\reposity\com\baomidou\mybatis-plus-annotation\3.5.3.1\mybatis-plus-annotation-3.5.3.1.jar;C:\Users\yo\reposity\com\github\jsqlparser\jsqlparser\4.4\jsqlparser-4.4.jar;C:\Users\yo\r
Launcher Type: SUN_STANDARD

Environment Variables:
JAVA_HOME=C:\Program Files\Java\jdk1.8.0_202
PATH=C:\Program Files (x86)\VMware\VMware Workstation\bin\;C:\Windows\system32;C:\Windows;C:\Windows\System32\Wbem;C:\Windows\System32\WindowsPowerShell\v1.0\;C:\Windows\System32\OpenSSH\;C:\Program Files (x86)\NVIDIA Corporation\PhysX\Common;C:\Program Files (x86)\NetSarang\Xftp 7\;C:\Program Files (x86)\NetSarang\Xshell 7\;C:\Program Files\Git\cmd;C:\Program Files\nodejs\;C:\Program Files\Microsoft SQL Server\150\Tools\Binn\;C:\Program Files\Java\jdk1.8.0_202\bin;C:\Program Files\Java\jdk1.8.0_202\jre\bin;C:\Program Files\MySQL\MySQL Server 8.0\bin;C:\Program Files\MySQL\MySQL Server 8.0\lib;C:\Users\yo\Documents\apache-tomcat-9.0.78\lib;C:\Users\yo\Documents\apache-tomcat-9.0.78\bin;C:\Users\yo\Documents\apache-maven-3.9.4\bin;C:\Users\yo\Documents\apache-maven-3.9.4\lib;C:\Program Files\Cloudflare\Cloudflare WARP\;C:\Program Files\NVIDIA Corporation\NVIDIA NvDLISR;C:\Users\yo\AppData\Local\Microsoft\WindowsApps;C:\Users\yo\AppData\Roaming\npm;C:\Users\yo\AppData\Local\Programs\Microsoft VS Code\bin
USERNAME=yo
OS=Windows_NT
PROCESSOR_IDENTIFIER=AMD64 Family 25 Model 80 Stepping 0, AuthenticAMD



---------------  S Y S T E M  ---------------

OS: Windows 10.0 , 64 bit Build 19041 (10.0.19041.3155)

CPU:total 16 (initial active 16) (16 cores per cpu, 1 threads per core) family 25 model 80 stepping 0, cmov, cx8, fxsr, mmx, sse, sse2, sse3, ssse3, sse4.1, sse4.2, popcnt, avx, avx2, aes, clmul, erms, mmxext, 3dnowpref, lzcnt, sse4a, tsc, tscinvbit, tscinv, bmi1

Memory: 4k page, physical 66501532k(1387632k free), swap 128930540k(0k free)

vm_info: Java HotSpot(TM) 64-Bit Server VM (25.202-b08) for windows-amd64 JRE (1.8.0_202-b08), built on Dec 15 2018 19:54:30 by "java_re" with MS VC++ 10.0 (VS2010)

time: Sat Aug 12 13:59:59 2023
timezone: China Standard Time
elapsed time: 2446 seconds (0d 0h 40m 46s)

