#
# There is insufficient memory for the Java Runtime Environment to continue.
# Native memory allocation (malloc) failed to allocate 32744 bytes for ChunkPool::allocate
# Possible reasons:
#   The system is out of physical RAM or swap space
#   The process is running with CompressedOops enabled, and the Java Heap may be blocking the growth of the native heap
# Possible solutions:
#   Reduce memory load on the system
#   Increase physical memory or swap space
#   Check if swap backing store is full
#   Decrease Java heap size (-Xmx/-Xms)
#   Decrease number of Java threads
#   Decrease Java thread stack sizes (-Xss)
#   Set larger code cache with -XX:ReservedCodeCacheSize=
#   JVM is running with Zero Based Compressed Oops mode in which the Java heap is
#     placed in the first 32GB address space. The Java Heap base address is the
#     maximum limit for the native heap growth. Please use -XX:HeapBaseMinAddress
#     to set the Java Heap base and to place the Java Heap above 32GB virtual address.
# This output file may be truncated or incomplete.
#
#  Out of Memory Error (allocation.cpp:272), pid=50956, tid=0x000000000000f984
#
# JRE version: Java(TM) SE Runtime Environment (8.0_202-b08) (build 1.8.0_202-b08)
# Java VM: Java HotSpot(TM) 64-Bit Server VM (25.202-b08 mixed mode windows-amd64 compressed oops)
# Failed to write core dump. Minidumps are not enabled by default on client versions of Windows
#

---------------  T H R E A D  ---------------

Current thread (0x000000003cb91800):  JavaThread "C1 CompilerThread9" daemon [_thread_in_native, id=63876, stack(0x000000003e140000,0x000000003e240000)]

Stack: [0x000000003e140000,0x000000003e240000]
[error occurred during error reporting (printing stack bounds), id 0xc0000005]

Native frames: (J=compiled Java code, j=interpreted, Vv=VM code, C=native code)


Current CompileTask:
C1:2512124 16355       1       sun.reflect.MethodAccessorGenerator::emitInvoke (1033 bytes)


---------------  P R O C E S S  ---------------

Java Threads: ( => current thread )
  0x0000000041b1e000 JavaThread "logback-178" daemon [_thread_blocked, id=34460, stack(0x0000000078940000,0x0000000078a40000)]
  0x0000000041b25000 JavaThread "logback-177" daemon [_thread_blocked, id=24388, stack(0x0000000077630000,0x0000000077730000)]
  0x0000000050a36000 JavaThread "logback-176" daemon [_thread_blocked, id=44820, stack(0x0000000076f30000,0x0000000077030000)]
  0x0000000050a2d000 JavaThread "logback-175" daemon [_thread_blocked, id=33628, stack(0x0000000075200000,0x0000000075300000)]
  0x0000000050a2b800 JavaThread "container-1" [_thread_blocked, id=49372, stack(0x0000000075100000,0x0000000075200000)]
  0x000000004bdf6800 JavaThread "Catalina-utility-2" [_thread_blocked, id=24980, stack(0x0000000074e00000,0x0000000074f00000)]
  0x000000004bdf9800 JavaThread "Catalina-utility-1" [_thread_blocked, id=62416, stack(0x0000000074d00000,0x0000000074e00000)]
  0x000000004bded000 JavaThread "nacos-grpc-client-executor-509" daemon [_thread_blocked, id=24292, stack(0x0000000040480000,0x0000000040580000)]
  0x000000004bdf3800 JavaThread "nacos-grpc-client-executor-539" daemon [_thread_blocked, id=17948, stack(0x000000003c770000,0x000000003c870000)]
  0x0000000050ade000 JavaThread "logback-174" daemon [_thread_blocked, id=60784, stack(0x0000000074c00000,0x0000000074d00000)]
  0x0000000050ad6800 JavaThread "spring.cloud.inetutils" daemon [_thread_in_native, id=36572, stack(0x0000000074b00000,0x0000000074c00000)]
  0x0000000050ad7800 JavaThread "logback-173" daemon [_thread_blocked, id=27632, stack(0x0000000074a00000,0x0000000074b00000)]
  0x0000000050aca800 JavaThread "lettuce-timer-11-1" daemon [_thread_blocked, id=41132, stack(0x0000000074900000,0x0000000074a00000)]
  0x00000000505b2800 JavaThread "Keep-Alive-Timer" daemon [_thread_blocked, id=5840, stack(0x0000000074800000,0x0000000074900000)]
  0x00000000505b2000 JavaThread "pool-19-thread-1" [_thread_blocked, id=17136, stack(0x00000000743a0000,0x00000000744a0000)]
  0x00000000505b6800 JavaThread "tableMetaChecker_4_1" daemon [_thread_blocked, id=63844, stack(0x00000000742a0000,0x00000000743a0000)]
  0x00000000505b5800 JavaThread "Druid-ConnectionPool-Destroy-1418249730" daemon [_thread_blocked, id=50916, stack(0x00000000741a0000,0x00000000742a0000)]
  0x000000004bfd9000 JavaThread "Druid-ConnectionPool-Create-1418249730" daemon [_thread_blocked, id=36808, stack(0x00000000734a0000,0x00000000735a0000)]
  0x000000004bfe0000 JavaThread "logback-172" daemon [_thread_blocked, id=21400, stack(0x00000000733a0000,0x00000000734a0000)]
  0x000000004bfd6000 JavaThread "logback-171" daemon [_thread_blocked, id=41904, stack(0x00000000732a0000,0x00000000733a0000)]
  0x000000004bfdd000 JavaThread "logback-170" daemon [_thread_blocked, id=38108, stack(0x00000000731a0000,0x00000000732a0000)]
  0x000000004bfdc000 JavaThread "logback-169" daemon [_thread_blocked, id=21236, stack(0x0000000070770000,0x0000000070870000)]
  0x0000000040f46000 JavaThread "logback-168" daemon [_thread_blocked, id=61804, stack(0x0000000070670000,0x0000000070770000)]
  0x0000000040f45800 JavaThread "nacos-grpc-client-executor-508" daemon [_thread_blocked, id=54676, stack(0x000000006df50000,0x000000006e050000)]
  0x0000000040f4a800 JavaThread "logback-167" daemon [_thread_blocked, id=38220, stack(0x0000000070570000,0x0000000070670000)]
  0x0000000040f40000 JavaThread "nacos-grpc-client-executor-538" daemon [_thread_blocked, id=18560, stack(0x000000005c400000,0x000000005c500000)]
  0x0000000040f3e800 JavaThread "logback-166" daemon [_thread_blocked, id=3560, stack(0x0000000070470000,0x0000000070570000)]
  0x0000000040f41800 JavaThread "logback-165" daemon [_thread_blocked, id=39172, stack(0x0000000070370000,0x0000000070470000)]
  0x0000000050a3c800 JavaThread "logback-164" daemon [_thread_blocked, id=2044, stack(0x000000006de50000,0x000000006df50000)]
  0x0000000050a34800 JavaThread "logback-163" daemon [_thread_blocked, id=952, stack(0x00000000672f0000,0x00000000673f0000)]
  0x0000000050a41000 JavaThread "logback-162" daemon [_thread_blocked, id=47308, stack(0x000000006dd50000,0x000000006de50000)]
  0x0000000050a42000 JavaThread "logback-161" daemon [_thread_blocked, id=29260, stack(0x000000006dc50000,0x000000006dd50000)]
  0x0000000050a3f800 JavaThread "logback-160" daemon [_thread_blocked, id=5768, stack(0x000000006db50000,0x000000006dc50000)]
  0x0000000050a30000 JavaThread "logback-159" daemon [_thread_blocked, id=31484, stack(0x000000006da50000,0x000000006db50000)]
  0x0000000050a35000 JavaThread "logback-157" daemon [_thread_blocked, id=31604, stack(0x0000000068400000,0x0000000068500000)]
  0x0000000050a31800 JavaThread "logback-158" daemon [_thread_blocked, id=29796, stack(0x0000000058fd0000,0x00000000590d0000)]
  0x0000000050a39800 JavaThread "logback-156" daemon [_thread_blocked, id=32236, stack(0x000000006e050000,0x000000006e150000)]
  0x0000000050a37800 JavaThread "logback-155" daemon [_thread_blocked, id=29736, stack(0x0000000069710000,0x0000000069810000)]
  0x0000000050a24000 JavaThread "logback-154" daemon [_thread_blocked, id=50920, stack(0x000000005aff0000,0x000000005b0f0000)]
  0x0000000050a23000 JavaThread "logback-153" daemon [_thread_blocked, id=27428, stack(0x000000005aef0000,0x000000005aff0000)]
  0x0000000050a27800 JavaThread "logback-152" daemon [_thread_blocked, id=47796, stack(0x000000005adf0000,0x000000005aef0000)]
  0x000000004bdf7800 JavaThread "logback-151" daemon [_thread_blocked, id=35444, stack(0x00000000594e0000,0x00000000595e0000)]
  0x000000004bdf4800 JavaThread "logback-150" daemon [_thread_blocked, id=55892, stack(0x00000000566b0000,0x00000000567b0000)]
  0x000000004bded800 JavaThread "logback-149" daemon [_thread_blocked, id=48364, stack(0x00000000565b0000,0x00000000566b0000)]
  0x000000004bdec000 JavaThread "restartedMain" [_thread_in_vm, id=26068, stack(0x0000000068500000,0x0000000068600000)]
  0x00000000505ac800 JavaThread "logback-148" daemon [_thread_blocked, id=34212, stack(0x0000000066ef0000,0x0000000066ff0000)]
  0x00000000505b3800 JavaThread "logback-147" daemon [_thread_blocked, id=45272, stack(0x0000000053190000,0x0000000053290000)]
  0x00000000505b0800 JavaThread "logback-146" daemon [_thread_blocked, id=50936, stack(0x00000000671f0000,0x00000000672f0000)]
  0x00000000505ac000 JavaThread "logback-145" daemon [_thread_blocked, id=27356, stack(0x0000000052490000,0x0000000052590000)]
  0x00000000505a8000 JavaThread "logback-143" daemon [_thread_blocked, id=58804, stack(0x00000000667f0000,0x00000000668f0000)]
  0x00000000505a9000 JavaThread "logback-144" daemon [_thread_blocked, id=46092, stack(0x0000000063ed0000,0x0000000063fd0000)]
  0x00000000505ad800 JavaThread "logback-142" daemon [_thread_blocked, id=25952, stack(0x0000000061e60000,0x0000000061f60000)]
  0x0000000050adf800 JavaThread "logback-141" daemon [_thread_blocked, id=25936, stack(0x000000005c910000,0x000000005ca10000)]
  0x0000000050ae5000 JavaThread "logback-140" daemon [_thread_blocked, id=62076, stack(0x0000000058ed0000,0x0000000058fd0000)]
  0x0000000050ae2000 JavaThread "logback-139" daemon [_thread_blocked, id=41548, stack(0x0000000058dd0000,0x0000000058ed0000)]
  0x0000000050ad3800 JavaThread "logback-138" daemon [_thread_blocked, id=54172, stack(0x0000000061260000,0x0000000061360000)]
  0x0000000050ad8000 JavaThread "logback-137" daemon [_thread_blocked, id=55060, stack(0x0000000047280000,0x0000000047380000)]
  0x0000000050acd800 JavaThread "File Watcher" daemon [_thread_blocked, id=54052, stack(0x0000000046d80000,0x0000000046e80000)]
  0x00000000505ab000 JavaThread "tableMetaChecker_3_1" daemon [_thread_blocked, id=45724, stack(0x0000000061460000,0x0000000061560000)]
  0x0000000050a33800 JavaThread "com.alibaba.nacos.client.identify.watcher.0" daemon [_thread_blocked, id=34708, stack(0x00000000569b0000,0x0000000056ab0000)]
  0x0000000050a32000 JavaThread "logback-128" daemon [_thread_blocked, id=43908, stack(0x00000000564b0000,0x00000000565b0000)]
  0x0000000050a2d800 JavaThread "logback-127" daemon [_thread_blocked, id=34016, stack(0x00000000562b0000,0x00000000563b0000)]
  0x0000000050a24800 JavaThread "logback-126" daemon [_thread_blocked, id=60220, stack(0x00000000561b0000,0x00000000562b0000)]
  0x0000000050a2a000 JavaThread "logback-125" daemon [_thread_blocked, id=54248, stack(0x0000000053390000,0x0000000053490000)]
  0x000000004bfe0800 JavaThread "logback-124" daemon [_thread_blocked, id=58864, stack(0x0000000052f90000,0x0000000053090000)]
  0x000000004bfe3000 JavaThread "logback-123" daemon [_thread_blocked, id=19280, stack(0x0000000052e90000,0x0000000052f90000)]
  0x000000004bfe1800 JavaThread "logback-122" daemon [_thread_blocked, id=3612, stack(0x0000000052390000,0x0000000052490000)]
  0x000000004bfd8800 JavaThread "logback-121" daemon [_thread_blocked, id=38804, stack(0x000000004adb0000,0x000000004aeb0000)]
  0x0000000050a2c000 JavaThread "Thread-78" [_thread_blocked, id=51940, stack(0x0000000062fd0000,0x00000000630d0000)]
  0x0000000050a40800 JavaThread "logback-120" daemon [_thread_blocked, id=41700, stack(0x0000000077830000,0x0000000077930000)]
  0x0000000050a39000 JavaThread "logback-119" daemon [_thread_blocked, id=20536, stack(0x0000000077730000,0x0000000077830000)]
  0x0000000050a3c000 JavaThread "logback-118" daemon [_thread_blocked, id=42424, stack(0x0000000077530000,0x0000000077630000)]
  0x0000000050a3e000 JavaThread "logback-117" daemon [_thread_blocked, id=5040, stack(0x0000000077430000,0x0000000077530000)]
  0x0000000050a3a800 JavaThread "logback-116" daemon [_thread_blocked, id=9016, stack(0x0000000077330000,0x0000000077430000)]
  0x0000000050a3b000 JavaThread "logback-115" daemon [_thread_blocked, id=20412, stack(0x0000000077230000,0x0000000077330000)]
  0x0000000050a3f000 JavaThread "logback-114" daemon [_thread_blocked, id=56540, stack(0x0000000077130000,0x0000000077230000)]
  0x0000000050a3d800 JavaThread "logback-113" daemon [_thread_blocked, id=18728, stack(0x0000000077030000,0x0000000077130000)]
  0x0000000050a2f000 JavaThread "logback-112" daemon [_thread_blocked, id=51388, stack(0x0000000075400000,0x0000000075500000)]
  0x0000000050a33000 JavaThread "logback-111" daemon [_thread_blocked, id=61720, stack(0x0000000075300000,0x0000000075400000)]
  0x0000000050a36800 JavaThread "logback-110" daemon [_thread_blocked, id=35748, stack(0x0000000075000000,0x0000000075100000)]
  0x0000000050a38000 JavaThread "logback-109" daemon [_thread_blocked, id=12372, stack(0x0000000074f00000,0x0000000075000000)]
  0x0000000050a30800 JavaThread "logback-108" daemon [_thread_blocked, id=33940, stack(0x0000000052590000,0x0000000052690000)]
  0x0000000050a2e800 JavaThread "logback-107" daemon [_thread_blocked, id=40488, stack(0x00000000744a0000,0x00000000745a0000)]
  0x0000000050a29000 JavaThread "logback-105" daemon [_thread_blocked, id=58372, stack(0x00000000740a0000,0x00000000741a0000)]
  0x0000000050a27000 JavaThread "logback-106" daemon [_thread_blocked, id=31876, stack(0x0000000073fa0000,0x00000000740a0000)]
  0x0000000050a2a800 JavaThread "logback-103" daemon [_thread_blocked, id=32368, stack(0x0000000073ea0000,0x0000000073fa0000)]
  0x0000000050a26000 JavaThread "logback-104" daemon [_thread_blocked, id=52228, stack(0x0000000073da0000,0x0000000073ea0000)]
  0x0000000050a25800 JavaThread "logback-102" daemon [_thread_blocked, id=35548, stack(0x0000000073ca0000,0x0000000073da0000)]
  0x0000000050a28800 JavaThread "logback-101" daemon [_thread_blocked, id=60388, stack(0x0000000073ba0000,0x0000000073ca0000)]
  0x0000000041b28800 JavaThread "logback-100" daemon [_thread_blocked, id=27028, stack(0x0000000073aa0000,0x0000000073ba0000)]
  0x00000000506ee000 JavaThread "logback-99" daemon [_thread_blocked, id=35132, stack(0x00000000739a0000,0x0000000073aa0000)]
  0x000000003d85b000 JavaThread "logback-98" daemon [_thread_blocked, id=36796, stack(0x00000000738a0000,0x00000000739a0000)]
  0x0000000050ad2000 JavaThread "logback-97" daemon [_thread_blocked, id=28052, stack(0x00000000737a0000,0x00000000738a0000)]
  0x000000004bdf8000 JavaThread "logback-96" daemon [_thread_blocked, id=58304, stack(0x00000000736a0000,0x00000000737a0000)]
  0x000000004bdef000 JavaThread "logback-95" daemon [_thread_blocked, id=45524, stack(0x00000000735a0000,0x00000000736a0000)]
  0x0000000050715000 JavaThread "logback-94" daemon [_thread_blocked, id=30448, stack(0x0000000063ad0000,0x0000000063bd0000)]
  0x0000000050714000 JavaThread "logback-93" daemon [_thread_blocked, id=36824, stack(0x0000000047380000,0x0000000047480000)]
  0x000000004bdf2000 JavaThread "logback-92" daemon [_thread_blocked, id=33596, stack(0x00000000730a0000,0x00000000731a0000)]
  0x000000004bdf1800 JavaThread "logback-91" daemon [_thread_blocked, id=59580, stack(0x0000000072fa0000,0x00000000730a0000)]
  0x0000000041b29800 JavaThread "logback-90" daemon [_thread_blocked, id=53020, stack(0x0000000072ea0000,0x0000000072fa0000)]
  0x0000000041b2c800 JavaThread "logback-89" daemon [_thread_blocked, id=45992, stack(0x0000000072da0000,0x0000000072ea0000)]
  0x0000000050ad6000 JavaThread "logback-88" daemon [_thread_blocked, id=59976, stack(0x0000000072ca0000,0x0000000072da0000)]
  0x0000000050acc000 JavaThread "logback-87" daemon [_thread_blocked, id=53156, stack(0x0000000072ba0000,0x0000000072ca0000)]
  0x0000000050716800 JavaThread "logback-86" daemon [_thread_blocked, id=48724, stack(0x0000000072aa0000,0x0000000072ba0000)]
  0x000000005071d000 JavaThread "logback-85" daemon [_thread_blocked, id=35188, stack(0x0000000070970000,0x0000000070a70000)]
  0x0000000040f3f800 JavaThread "logback-84" daemon [_thread_blocked, id=44400, stack(0x0000000070870000,0x0000000070970000)]
  0x00000000506f5800 JavaThread "logback-83" daemon [_thread_blocked, id=43348, stack(0x0000000070270000,0x0000000070370000)]
  0x00000000506f4800 JavaThread "logback-82" daemon [_thread_blocked, id=2856, stack(0x000000006e150000,0x000000006e250000)]
  0x00000000506f0000 JavaThread "logback-81" daemon [_thread_blocked, id=38112, stack(0x0000000066df0000,0x0000000066ef0000)]
  0x000000003d865800 JavaThread "logback-80" daemon [_thread_blocked, id=3740, stack(0x00000000669f0000,0x0000000066af0000)]
  0x000000003d863800 JavaThread "logback-79" daemon [_thread_blocked, id=46976, stack(0x00000000640d0000,0x00000000641d0000)]
  0x0000000050adb000 JavaThread "logback-78" daemon [_thread_blocked, id=47532, stack(0x000000004a6a0000,0x000000004a7a0000)]
  0x0000000050aca000 JavaThread "logback-77" daemon [_thread_blocked, id=39112, stack(0x0000000040080000,0x0000000040180000)]
  0x0000000040f3e000 JavaThread "grpc-nio-worker-ELG-1-8" daemon [_thread_in_native, id=35128, stack(0x00000000639d0000,0x0000000063ad0000)]
  0x000000004bdfa800 JavaThread "grpc-nio-worker-ELG-1-7" daemon [_thread_in_native, id=22688, stack(0x0000000062ed0000,0x0000000062fd0000)]
  0x000000004bdee800 JavaThread "com.alibaba.nacos.naming.push.receiver" daemon [_thread_in_native, id=13916, stack(0x000000005fc50000,0x000000005fd50000)]
  0x00000000505af000 JavaThread "logback-76" daemon [_thread_blocked, id=38412, stack(0x00000000568b0000,0x00000000569b0000)]
  0x00000000505a7800 JavaThread "logback-75" daemon [_thread_blocked, id=61472, stack(0x00000000567b0000,0x00000000568b0000)]
  0x00000000505ae000 JavaThread "tableMetaChecker_2_1" daemon [_thread_blocked, id=50996, stack(0x00000000563b0000,0x00000000564b0000)]
  0x00000000505aa800 JavaThread "logback-74" daemon [_thread_blocked, id=42864, stack(0x00000000560b0000,0x00000000561b0000)]
  0x0000000050ae4000 JavaThread "logback-73" daemon [_thread_blocked, id=45132, stack(0x0000000055fb0000,0x00000000560b0000)]
  0x0000000050ae1000 JavaThread "NettyClientSelector_RMROLE_2_1" daemon [_thread_in_native, id=46332, stack(0x0000000055eb0000,0x0000000055fb0000)]
  0x0000000050ae0800 JavaThread "rpcMergeMessageSend_RMROLE_2_1" daemon [_thread_blocked, id=37828, stack(0x0000000055db0000,0x0000000055eb0000)]
  0x0000000050adf000 JavaThread "timeoutChecker_4_1" daemon [_thread_blocked, id=53720, stack(0x0000000055bb0000,0x0000000055cb0000)]
  0x0000000050ae3800 JavaThread "NettyClientSelector_TMROLE_2_1" daemon [_thread_in_native, id=35664, stack(0x0000000055ab0000,0x0000000055bb0000)]
  0x0000000050ae2800 JavaThread "timeoutChecker_3_1" daemon [_thread_blocked, id=38320, stack(0x00000000559b0000,0x0000000055ab0000)]
  0x0000000050add800 JavaThread "logback-67" daemon [_thread_blocked, id=45348, stack(0x0000000052d90000,0x0000000052e90000)]
  0x0000000050ad0000 JavaThread "logback-66" daemon [_thread_blocked, id=20000, stack(0x0000000046c80000,0x0000000046d80000)]
  0x0000000050adc800 JavaThread "logback-63" daemon [_thread_blocked, id=56400, stack(0x0000000051180000,0x0000000051280000)]
  0x0000000050adc000 JavaThread "logback-62" daemon [_thread_blocked, id=64200, stack(0x000000004f4a0000,0x000000004f5a0000)]
  0x0000000050ad3000 JavaThread "logback-60" daemon [_thread_blocked, id=57524, stack(0x000000004feb0000,0x000000004ffb0000)]
  0x0000000050ad9800 JavaThread "logback-59" daemon [_thread_blocked, id=632, stack(0x000000004fdb0000,0x000000004feb0000)]
  0x0000000050ad5000 JavaThread "logback-58" daemon [_thread_blocked, id=63808, stack(0x000000004efa0000,0x000000004f0a0000)]
  0x0000000050ad4800 JavaThread "logback-57" daemon [_thread_blocked, id=21476, stack(0x000000004eea0000,0x000000004efa0000)]
  0x0000000050ad9000 JavaThread "logback-56" daemon [_thread_blocked, id=37912, stack(0x000000004eaa0000,0x000000004eba0000)]
  0x0000000050ada800 JavaThread "logback-55" daemon [_thread_blocked, id=33636, stack(0x000000004b0b0000,0x000000004b1b0000)]
  0x0000000050ac8800 JavaThread "logback-54" daemon [_thread_blocked, id=53716, stack(0x00000000007c0000,0x00000000008c0000)]
  0x0000000050ad1800 JavaThread "logback-53" daemon [_thread_blocked, id=18572, stack(0x0000000043460000,0x0000000043560000)]
  0x0000000050ac7800 JavaThread "File Watcher" daemon [_thread_blocked, id=39892, stack(0x000000003ec80000,0x000000003ed80000)]
  0x00000000506f9000 JavaThread "logback-52" daemon [_thread_blocked, id=53420, stack(0x0000000046290000,0x0000000046390000)]
  0x00000000506fb800 JavaThread "logback-51" daemon [_thread_blocked, id=57592, stack(0x0000000046190000,0x0000000046290000)]
  0x00000000506f8800 JavaThread "logback-50" daemon [_thread_blocked, id=33084, stack(0x000000003f280000,0x000000003f380000)]
  0x00000000506f7800 JavaThread "logback-49" daemon [_thread_blocked, id=32704, stack(0x000000003eb80000,0x000000003ec80000)]
  0x0000000050ac9000 JavaThread "com.alibaba.nacos.client.naming.updater.7" daemon [_thread_blocked, id=54488, stack(0x0000000068600000,0x0000000068700000)]
  0x0000000050ace800 JavaThread "sentinel-command-center-service-executor-thread-16" daemon [_thread_blocked, id=59076, stack(0x0000000066ff0000,0x00000000670f0000)]
  0x0000000050ac6000 JavaThread "sentinel-command-center-service-executor-thread-15" daemon [_thread_blocked, id=53252, stack(0x00000000655e0000,0x00000000656e0000)]
  0x0000000050acf000 JavaThread "sentinel-command-center-service-executor-thread-14" daemon [_thread_blocked, id=42588, stack(0x00000000668f0000,0x00000000669f0000)]
  0x0000000050acd000 JavaThread "com.alibaba.nacos.client.naming.updater.6" daemon [_thread_blocked, id=37932, stack(0x00000000670f0000,0x00000000671f0000)]
  0x0000000050acb800 JavaThread "sentinel-command-center-service-executor-thread-13" daemon [_thread_blocked, id=39996, stack(0x0000000041f50000,0x0000000042050000)]
  0x000000004bfd6800 JavaThread "sentinel-command-center-service-executor-thread-12" daemon [_thread_blocked, id=63424, stack(0x0000000062260000,0x0000000062360000)]
  0x0000000050715800 JavaThread "sentinel-command-center-service-executor-thread-11" daemon [_thread_blocked, id=20244, stack(0x0000000066cf0000,0x0000000066df0000)]
  0x000000004bfe2000 JavaThread "sentinel-command-center-service-executor-thread-10" daemon [_thread_blocked, id=33704, stack(0x0000000066bf0000,0x0000000066cf0000)]
  0x000000005071b800 JavaThread "sentinel-command-center-service-executor-thread-9" daemon [_thread_blocked, id=29852, stack(0x0000000066af0000,0x0000000066bf0000)]
  0x000000004bfdf000 JavaThread "sentinel-command-center-service-executor-thread-8" daemon [_thread_blocked, id=25724, stack(0x0000000062160000,0x0000000062260000)]
  0x000000005071e800 JavaThread "sentinel-command-center-service-executor-thread-7" daemon [_thread_blocked, id=35252, stack(0x000000003f080000,0x000000003f180000)]
  0x0000000050711000 JavaThread "sentinel-command-center-service-executor-thread-6" daemon [_thread_blocked, id=31932, stack(0x00000000653e0000,0x00000000654e0000)]
  0x000000004bfe4800 JavaThread "sentinel-command-center-service-executor-thread-5" daemon [_thread_blocked, id=56704, stack(0x00000000656e0000,0x00000000657e0000)]
  0x000000004bfdb800 JavaThread "com.alibaba.nacos.client.naming.updater.5" daemon [_thread_blocked, id=55160, stack(0x00000000654e0000,0x00000000655e0000)]
  0x000000004bfda000 JavaThread "sentinel-command-center-service-executor-thread-4" daemon [_thread_blocked, id=52932, stack(0x0000000061160000,0x0000000061260000)]
  0x000000004bfe3800 JavaThread "sentinel-command-center-service-executor-thread-3" daemon [_thread_blocked, id=50632, stack(0x00000000642d0000,0x00000000643d0000)]
  0x000000004bfdd800 JavaThread "sentinel-command-center-service-executor-thread-2" daemon [_thread_blocked, id=39024, stack(0x00000000641d0000,0x00000000642d0000)]
  0x000000004bfda800 JavaThread "sentinel-command-center-service-executor-thread-1" daemon [_thread_blocked, id=34500, stack(0x0000000063fd0000,0x00000000640d0000)]
  0x000000004bfd5000 JavaThread "sentinel-heartbeat-send-task-thread-2" daemon [_thread_blocked, id=10892, stack(0x0000000063bd0000,0x0000000063cd0000)]
  0x000000004bfd7800 JavaThread "sentinel-command-center-executor-thread-1" daemon [_thread_in_native, id=61780, stack(0x00000000638d0000,0x00000000639d0000)]
  0x00000000505af800 JavaThread "sentinel-metrics-record-task-thread-1" daemon [_thread_blocked, id=62324, stack(0x0000000062660000,0x0000000062760000)]
  0x0000000040f41000 JavaThread "sentinel-system-status-record-task-thread-1" daemon [_thread_blocked, id=35020, stack(0x0000000062560000,0x0000000062660000)]
  0x0000000040f47000 JavaThread "sentinel-time-tick-thread" daemon [_thread_blocked, id=44208, stack(0x0000000062460000,0x0000000062560000)]
  0x0000000040f44000 JavaThread "sentinel-heartbeat-send-task-thread-1" daemon [_thread_blocked, id=21644, stack(0x0000000062360000,0x0000000062460000)]
  0x000000005071b000 JavaThread "logback-48" daemon [_thread_blocked, id=49484, stack(0x0000000062060000,0x0000000062160000)]
  0x000000005071a000 JavaThread "logback-47" daemon [_thread_blocked, id=30548, stack(0x0000000061f60000,0x0000000062060000)]
  0x0000000050712800 JavaThread "logback-46" daemon [_thread_blocked, id=11244, stack(0x0000000061b60000,0x0000000061c60000)]
  0x000000005070f800 JavaThread "logback-45" daemon [_thread_blocked, id=12532, stack(0x0000000061960000,0x0000000061a60000)]
  0x0000000050710800 JavaThread "logback-44" daemon [_thread_blocked, id=41084, stack(0x0000000055cb0000,0x0000000055db0000)]
  0x000000005071c800 JavaThread "com.alibaba.nacos.client.naming.updater.4" daemon [_thread_blocked, id=53668, stack(0x0000000061a60000,0x0000000061b60000)]
  0x0000000050719800 JavaThread "logback-42" daemon [_thread_blocked, id=39572, stack(0x0000000061860000,0x0000000061960000)]
  0x0000000050712000 JavaThread "logback-43" daemon [_thread_blocked, id=37772, stack(0x0000000061760000,0x0000000061860000)]
  0x0000000050713800 JavaThread "logback-41" daemon [_thread_blocked, id=47916, stack(0x0000000061660000,0x0000000061760000)]
  0x0000000050718800 JavaThread "logback-40" daemon [_thread_blocked, id=46212, stack(0x0000000061560000,0x0000000061660000)]
  0x0000000050717000 JavaThread "logback-39" daemon [_thread_blocked, id=41004, stack(0x0000000061360000,0x0000000061460000)]
  0x000000003d866800 JavaThread "logback-38" daemon [_thread_blocked, id=5232, stack(0x0000000061060000,0x0000000061160000)]
  0x000000004bdf3000 JavaThread "logback-37" daemon [_thread_blocked, id=31536, stack(0x0000000060f60000,0x0000000061060000)]
  0x0000000041b2b800 JavaThread "logback-36" daemon [_thread_blocked, id=18448, stack(0x0000000060e60000,0x0000000060f60000)]
  0x0000000041b1f000 JavaThread "logback-35" daemon [_thread_blocked, id=29560, stack(0x0000000052290000,0x0000000052390000)]
  0x00000000506f1800 JavaThread "logback-34" daemon [_thread_blocked, id=60000, stack(0x0000000047880000,0x0000000047980000)]
  0x00000000505b5000 JavaThread "com.alibaba.nacos.client.naming.updater.3" daemon [_thread_blocked, id=26444, stack(0x000000005fd50000,0x000000005fe50000)]
  0x00000000506f6000 JavaThread "logback-33" daemon [_thread_blocked, id=40988, stack(0x000000005eb40000,0x000000005ec40000)]
  0x00000000506f3000 JavaThread "logback-32" daemon [_thread_blocked, id=27732, stack(0x000000005ea40000,0x000000005eb40000)]
  0x000000003d868000 JavaThread "logback-31" daemon [_thread_blocked, id=30052, stack(0x000000005c300000,0x000000005c400000)]
  0x000000003d862800 JavaThread "logback-30" daemon [_thread_blocked, id=37992, stack(0x000000005c100000,0x000000005c200000)]
  0x000000003d865000 JavaThread "logback-29" daemon [_thread_blocked, id=38148, stack(0x000000004a1a0000,0x000000004a2a0000)]
  0x00000000506fa800 JavaThread "logback-28" daemon [_thread_blocked, id=28724, stack(0x000000005aaf0000,0x000000005abf0000)]
  0x00000000506ef800 JavaThread "logback-27" daemon [_thread_blocked, id=26396, stack(0x000000005a9f0000,0x000000005aaf0000)]
  0x00000000505b1000 JavaThread "logback-26" daemon [_thread_blocked, id=41416, stack(0x00000000558b0000,0x00000000559b0000)]
  0x00000000505b4000 JavaThread "logback-25" daemon [_thread_blocked, id=31236, stack(0x000000004a4a0000,0x000000004a5a0000)]
  0x00000000505a9800 JavaThread "logback-24" daemon [_thread_blocked, id=28260, stack(0x000000004a2a0000,0x000000004a3a0000)]
  0x00000000506f2800 JavaThread "com.alibaba.nacos.client.naming.updater.2" daemon [_thread_blocked, id=47664, stack(0x0000000056cb0000,0x0000000056db0000)]
  0x0000000041b22000 JavaThread "logback-23" daemon [_thread_blocked, id=24104, stack(0x0000000056bb0000,0x0000000056cb0000)]
  0x0000000041b21000 JavaThread "logback-22" daemon [_thread_blocked, id=25884, stack(0x0000000056ab0000,0x0000000056bb0000)]
  0x0000000041b22800 JavaThread "logback-21" daemon [_thread_blocked, id=20788, stack(0x0000000049090000,0x0000000049190000)]
  0x0000000041b1d800 JavaThread "logback-20" daemon [_thread_blocked, id=21936, stack(0x00000000009c0000,0x0000000000ac0000)]
  0x0000000041b20800 JavaThread "logback-19" daemon [_thread_blocked, id=57644, stack(0x00000000008c0000,0x00000000009c0000)]
  0x00000000506fa000 JavaThread "logback-18" daemon [_thread_blocked, id=52104, stack(0x00000000557b0000,0x00000000558b0000)]
  0x00000000506f7000 JavaThread "logback-17" daemon [_thread_blocked, id=28320, stack(0x00000000546a0000,0x00000000547a0000)]
  0x00000000506ee800 JavaThread "logback-16" daemon [_thread_blocked, id=32436, stack(0x000000004e8a0000,0x000000004e9a0000)]
  0x00000000506f4000 JavaThread "logback-15" daemon [_thread_blocked, id=47764, stack(0x000000004c580000,0x000000004c680000)]
  0x00000000506f1000 JavaThread "logback-14" daemon [_thread_blocked, id=39056, stack(0x000000004a5a0000,0x000000004a6a0000)]
  0x00000000506ed000 JavaThread "boundedElastic-evictor-1" daemon [_thread_blocked, id=46644, stack(0x000000005c200000,0x000000005c300000)]
  0x00000000506ec800 JavaThread "DestroyJavaVM" [_thread_blocked, id=47856, stack(0x00000000028a0000,0x00000000029a0000)]
  0x000000003d869800 JavaThread "grpc-nio-worker-ELG-1-6" daemon [_thread_in_native, id=56536, stack(0x0000000053590000,0x0000000053690000)]
  0x000000003d864000 JavaThread "grpc-nio-worker-ELG-1-5" daemon [_thread_in_native, id=26536, stack(0x0000000053490000,0x0000000053590000)]
  0x000000004bdf9000 JavaThread "com.alibaba.nacos.naming.push.receiver" daemon [_thread_in_native, id=37964, stack(0x0000000053090000,0x0000000053190000)]
  0x000000004bdf5000 JavaThread "fenceLogCleanThread_1_1" daemon [_thread_blocked, id=51056, stack(0x0000000052a90000,0x0000000052b90000)]
  0x000000004bdeb800 JavaThread "Thread-43" daemon [_thread_in_native, id=42896, stack(0x000000004fab0000,0x000000004fbb0000)]
  0x000000004bdf0800 JavaThread "tableMetaChecker_1_1" daemon [_thread_blocked, id=21752, stack(0x000000004f9b0000,0x000000004fab0000)]
  0x0000000041b2a000 JavaThread "mysql-cj-abandoned-connection-cleanup" daemon [_thread_blocked, id=3556, stack(0x000000004eda0000,0x000000004eea0000)]
  0x0000000041b2b000 JavaThread "com.alibaba.nacos.client.naming.updater.1" daemon [_thread_blocked, id=56772, stack(0x000000004e9a0000,0x000000004eaa0000)]
  0x0000000041b28000 JavaThread "AsyncWorker_1_2_2" daemon [_thread_blocked, id=27624, stack(0x000000004b2b0000,0x000000004b3b0000)]
  0x0000000041b27000 JavaThread "rpcMergeMessageSend_RMROLE_1_1" daemon [_thread_blocked, id=49252, stack(0x000000004b1b0000,0x000000004b2b0000)]
  0x0000000041b26800 JavaThread "xaTwoPhaseTimeoutChecker_1_1" daemon [_thread_blocked, id=59140, stack(0x000000004afb0000,0x000000004b0b0000)]
  0x0000000041b25800 JavaThread "AsyncWorker_1_1_2" daemon [_thread_blocked, id=46768, stack(0x000000004aeb0000,0x000000004afb0000)]
  0x0000000041b23800 JavaThread "com.alibaba.nacos.client.naming.updater.0" daemon [_thread_blocked, id=49728, stack(0x000000004a3a0000,0x000000004a4a0000)]
  0x0000000041b24000 JavaThread "grpc-nio-worker-ELG-1-4" daemon [_thread_in_native, id=29936, stack(0x0000000047f80000,0x0000000048080000)]
  0x000000003d85e000 JavaThread "grpc-nio-worker-ELG-1-3" daemon [_thread_in_native, id=25644, stack(0x0000000047e80000,0x0000000047f80000)]
  0x0000000040f4d000 JavaThread "com.alibaba.nacos.client.remote.worker" daemon [_thread_blocked, id=48728, stack(0x0000000047d80000,0x0000000047e80000)]
  0x0000000040f4c000 JavaThread "com.alibaba.nacos.client.remote.worker" daemon [_thread_blocked, id=55556, stack(0x0000000047c80000,0x0000000047d80000)]
  0x0000000040f4b800 JavaThread "com.alibaba.nacos.client.naming.grpc.redo.0" daemon [_thread_blocked, id=54652, stack(0x0000000047b80000,0x0000000047c80000)]
  0x0000000040f47800 JavaThread "com.alibaba.nacos.naming.push.receiver" daemon [_thread_in_native, id=44244, stack(0x0000000047a80000,0x0000000047b80000)]
  0x0000000040f4a000 JavaThread "com.alibaba.nacos.client.naming.security" daemon [_thread_blocked, id=46256, stack(0x0000000047980000,0x0000000047a80000)]
  0x0000000040f49000 JavaThread "com.alibaba.nacos.naming.failover" daemon [_thread_blocked, id=9392, stack(0x0000000047580000,0x0000000047680000)]
  0x0000000040f48800 JavaThread "nacos.publisher-com.alibaba.nacos.client.naming.event.InstancesChangeEvent" daemon [_thread_blocked, id=24720, stack(0x0000000047480000,0x0000000047580000)]
  0x0000000040f44800 JavaThread "fileListener_3_1" daemon [_thread_blocked, id=61972, stack(0x0000000047180000,0x0000000047280000)]
  0x000000003d85b800 JavaThread "grpc-nio-worker-ELG-1-2" daemon [_thread_in_native, id=18468, stack(0x0000000042250000,0x0000000042350000)]
  0x000000003d862000 JavaThread "grpc-nio-worker-ELG-1-1" daemon [_thread_in_native, id=27136, stack(0x0000000041e50000,0x0000000041f50000)]
  0x000000003d85a000 JavaThread "com.alibaba.nacos.client.remote.worker" daemon [_thread_blocked, id=59728, stack(0x0000000040980000,0x0000000040a80000)]
  0x000000003d860800 JavaThread "com.alibaba.nacos.client.remote.worker" daemon [_thread_blocked, id=32384, stack(0x0000000040880000,0x0000000040980000)]
  0x000000003d85f800 JavaThread "nacos.publisher-com.alibaba.nacos.common.notify.SlowEvent" daemon [_thread_blocked, id=1316, stack(0x0000000040780000,0x0000000040880000)]
  0x000000003d85c800 JavaThread "logback-5" daemon [_thread_blocked, id=28448, stack(0x0000000040680000,0x0000000040780000)]
  0x000000003d861000 JavaThread "logback-4" daemon [_thread_blocked, id=41380, stack(0x0000000040580000,0x0000000040680000)]
  0x000000003d85d000 JavaThread "com.alibaba.nacos.client.Worker" daemon [_thread_blocked, id=34612, stack(0x0000000040180000,0x0000000040280000)]
  0x000000003cb8e000 JavaThread "logback-3" daemon [_thread_blocked, id=53168, stack(0x000000003f580000,0x000000003f680000)]
  0x000000003d61b000 JavaThread "logback-2" daemon [_thread_blocked, id=17160, stack(0x000000003f980000,0x000000003fa80000)]
  0x000000003d5b9000 JavaThread "logback-1" daemon [_thread_blocked, id=48704, stack(0x000000003f880000,0x000000003f980000)]
  0x000000003d3fc000 JavaThread "RMI Scheduler(0)" daemon [_thread_blocked, id=61296, stack(0x000000003f180000,0x000000003f280000)]
  0x000000003cec1800 JavaThread "RMI TCP Accept-0" daemon [_thread_in_native, id=58948, stack(0x000000003e640000,0x000000003e740000)]
  0x000000003c76e000 JavaThread "Service Thread" daemon [_thread_blocked, id=53808, stack(0x000000003e440000,0x000000003e540000)]
  0x000000003cb8c800 JavaThread "C1 CompilerThread11" daemon [_thread_blocked, id=25712, stack(0x000000003e340000,0x000000003e440000)]
  0x000000003cb93000 JavaThread "C1 CompilerThread10" daemon [_thread_blocked, id=37488, stack(0x000000003e240000,0x000000003e340000)]
=>0x000000003cb91800 JavaThread "C1 CompilerThread9" daemon [_thread_in_native, id=63876, stack(0x000000003e140000,0x000000003e240000)]
  0x000000003cb91000 JavaThread "C1 CompilerThread8" daemon [_thread_blocked, id=47248, stack(0x000000003e040000,0x000000003e140000)]
  0x000000003cb92800 JavaThread "C2 CompilerThread7" daemon [_thread_blocked, id=29528, stack(0x000000003df40000,0x000000003e040000)]
  0x000000003cb8f800 JavaThread "C2 CompilerThread6" daemon [_thread_blocked, id=27220, stack(0x000000003de40000,0x000000003df40000)]
  0x000000003cb90000 JavaThread "C2 CompilerThread5" daemon [_thread_blocked, id=41928, stack(0x000000003dd40000,0x000000003de40000)]
  0x000000003cb8e800 JavaThread "C2 CompilerThread4" daemon [_thread_blocked, id=46720, stack(0x000000003dc40000,0x000000003dd40000)]
  0x000000003c76b800 JavaThread "C2 CompilerThread3" daemon [_thread_blocked, id=26868, stack(0x000000003db40000,0x000000003dc40000)]
  0x000000003c768800 JavaThread "C2 CompilerThread2" daemon [_thread_blocked, id=17016, stack(0x000000003ca70000,0x000000003cb70000)]
  0x000000003c768000 JavaThread "C2 CompilerThread1" daemon [_thread_blocked, id=37844, stack(0x000000003c970000,0x000000003ca70000)]
  0x000000003c734800 JavaThread "C2 CompilerThread0" daemon [_thread_blocked, id=33736, stack(0x000000003c870000,0x000000003c970000)]
  0x000000003a36a800 JavaThread "Attach Listener" daemon [_thread_blocked, id=31548, stack(0x000000003be70000,0x000000003bf70000)]
  0x000000003a313000 JavaThread "Signal Dispatcher" daemon [_thread_blocked, id=57472, stack(0x000000003bd70000,0x000000003be70000)]
  0x000000003888a800 JavaThread "Finalizer" daemon [_thread_blocked, id=50220, stack(0x000000003bb70000,0x000000003bc70000)]
  0x0000000038887000 JavaThread "Reference Handler" daemon [_thread_blocked, id=63320, stack(0x000000003ba70000,0x000000003bb70000)]

Other Threads:
  0x000000003a2c3800 VMThread [stack: 0x000000003b970000,0x000000003ba70000] [id=26816]
  0x000000003cec7000 WatcherThread [stack: 0x000000003e740000,0x000000003e840000] [id=43696]

VM state:not at safepoint (normal execution)

VM Mutex/Monitor currently owned by a thread: None

heap address: 0x00000003c9400000, size: 16236 MB, Compressed Oops mode: Zero based, Oop shift amount: 3
Narrow klass base: 0x0000000000000000, Narrow klass shift: 3
Compressed class space size: 1073741824 Address: 0x00000007c0000000

Heap:
 PSYoungGen      total 3681792K, used 3196412K [0x000000066dc00000, 0x0000000759300000, 0x00000007c0000000)
  eden space 3509760K, 86% used [0x000000066dc00000,0x000000072657f298,0x0000000743f80000)
  from space 172032K, 99% used [0x000000074eb00000,0x00000007592ffd68,0x0000000759300000)
  to   space 29696K, 0% used [0x0000000743f80000,0x0000000743f80000,0x0000000745c80000)
 ParOldGen       total 578560K, used 104631K [0x00000003c9400000, 0x00000003ec900000, 0x000000066dc00000)
  object space 578560K, 18% used [0x00000003c9400000,0x00000003cfa2dca0,0x00000003ec900000)
 Metaspace       used 94205K, capacity 100177K, committed 100352K, reserved 1136640K
  class space    used 12395K, capacity 13516K, committed 13568K, reserved 1048576K

Card table byte_map: [0x0000000012040000,0x0000000014000000] byte_map_base: 0x00000000101f6000

Marking Bits: (ParMarkBitMap*) 0x0000000075db5ce0
 Begin Bits: [0x0000000016230000, 0x0000000025fe0000)
 End Bits:   [0x0000000025fe0000, 0x0000000035d90000)

Polling page: 0x0000000000b60000

CodeCache: size=245760Kb used=30363Kb max_used=30363Kb free=215396Kb
 bounds [0x0000000002c80000, 0x0000000004a30000, 0x0000000011c80000]
 total_blobs=16863 nmethods=16146 adapters=623
 compilation: enabled

Compilation events (10 events):
Event: 2512.115 Thread 0x000000003cb8c800 nmethod 16361 0x0000000004a1ee90 code [0x0000000004a1f000, 0x0000000004a1f218]
Event: 2512.115 Thread 0x000000003cb8c800 16362       1       sun.reflect.ClassDefiner$1::<init> (10 bytes)
Event: 2512.115 Thread 0x000000003cb8c800 nmethod 16362 0x0000000004a1f310 code [0x0000000004a1f460, 0x0000000004a1f590]
Event: 2512.115 Thread 0x000000003cb8c800 16363       1       sun.reflect.ClassDefiner$1::run (5 bytes)
Event: 2512.116 Thread 0x000000003cb8c800 nmethod 16363 0x0000000004a1f5d0 code [0x0000000004a1f740, 0x0000000004a1f958]
Event: 2512.116 Thread 0x000000003cb8c800 16364       1       sun.reflect.ClassDefiner$1::run (12 bytes)
Event: 2512.116 Thread 0x000000003cb91000 nmethod 16360 0x0000000004a1fa90 code [0x0000000004a1fc60, 0x0000000004a20138]
Event: 2512.116 Thread 0x000000003cb8c800 nmethod 16364 0x0000000004a206d0 code [0x0000000004a20840, 0x0000000004a20a58]
Event: 2512.116 Thread 0x000000003cb91000 16365       1       sun.reflect.DelegatingClassLoader::<init> (6 bytes)
Event: 2512.116 Thread 0x000000003cb91000 nmethod 16365 0x0000000004a20b50 code [0x0000000004a20cc0, 0x0000000004a20e58]

GC Heap History (10 events):
Event: 852.499 GC heap before
{Heap before GC invocations=17 (full 4):
 PSYoungGen      total 2636800K, used 2553344K [0x000000066dc00000, 0x0000000714080000, 0x00000007c0000000)
  eden space 2553344K, 100% used [0x000000066dc00000,0x0000000709980000,0x0000000709980000)
  from space 83456K, 0% used [0x000000070ef00000,0x000000070ef00000,0x0000000714080000)
  to   space 85504K, 0% used [0x0000000709980000,0x0000000709980000,0x000000070ed00000)
 ParOldGen       total 578560K, used 65803K [0x00000003c9400000, 0x00000003ec900000, 0x000000066dc00000)
  object space 578560K, 11% used [0x00000003c9400000,0x00000003cd442d98,0x00000003ec900000)
 Metaspace       used 90036K, capacity 95593K, committed 95872K, reserved 1132544K
  class space    used 12045K, capacity 13068K, committed 13184K, reserved 1048576K
Event: 852.786 GC heap after
Heap after GC invocations=17 (full 4):
 PSYoungGen      total 2638848K, used 85472K [0x000000066dc00000, 0x0000000756c80000, 0x00000007c0000000)
  eden space 2553344K, 0% used [0x000000066dc00000,0x000000066dc00000,0x0000000709980000)
  from space 85504K, 99% used [0x0000000709980000,0x000000070ecf8140,0x000000070ed00000)
  to   space 129536K, 0% used [0x000000074ee00000,0x000000074ee00000,0x0000000756c80000)
 ParOldGen       total 578560K, used 146020K [0x00000003c9400000, 0x00000003ec900000, 0x000000066dc00000)
  object space 578560K, 25% used [0x00000003c9400000,0x00000003d22991b0,0x00000003ec900000)
 Metaspace       used 90036K, capacity 95593K, committed 95872K, reserved 1132544K
  class space    used 12045K, capacity 13068K, committed 13184K, reserved 1048576K
}
Event: 885.585 GC heap before
{Heap before GC invocations=18 (full 4):
 PSYoungGen      total 2638848K, used 2638816K [0x000000066dc00000, 0x0000000756c80000, 0x00000007c0000000)
  eden space 2553344K, 100% used [0x000000066dc00000,0x0000000709980000,0x0000000709980000)
  from space 85504K, 99% used [0x0000000709980000,0x000000070ecf8140,0x000000070ed00000)
  to   space 129536K, 0% used [0x000000074ee00000,0x000000074ee00000,0x0000000756c80000)
 ParOldGen       total 578560K, used 146020K [0x00000003c9400000, 0x00000003ec900000, 0x000000066dc00000)
  object space 578560K, 25% used [0x00000003c9400000,0x00000003d22991b0,0x00000003ec900000)
 Metaspace       used 90558K, capacity 96275K, committed 96384K, reserved 1132544K
  class space    used 12139K, capacity 13165K, committed 13184K, reserved 1048576K
Event: 885.868 GC heap after
Heap after GC invocations=18 (full 4):
 PSYoungGen      total 3639296K, used 129531K [0x000000066dc00000, 0x000000075a000000, 0x00000007c0000000)
  eden space 3509760K, 0% used [0x000000066dc00000,0x000000066dc00000,0x0000000743f80000)
  from space 129536K, 99% used [0x000000074ee00000,0x0000000756c7ece0,0x0000000756c80000)
  to   space 178688K, 0% used [0x0000000743f80000,0x0000000743f80000,0x000000074ee00000)
 ParOldGen       total 578560K, used 216683K [0x00000003c9400000, 0x00000003ec900000, 0x000000066dc00000)
  object space 578560K, 37% used [0x00000003c9400000,0x00000003d679ae98,0x00000003ec900000)
 Metaspace       used 90558K, capacity 96275K, committed 96384K, reserved 1132544K
  class space    used 12139K, capacity 13165K, committed 13184K, reserved 1048576K
}
Event: 2298.165 GC heap before
{Heap before GC invocations=19 (full 4):
 PSYoungGen      total 3639296K, used 3270491K [0x000000066dc00000, 0x000000075a000000, 0x00000007c0000000)
  eden space 3509760K, 89% used [0x000000066dc00000,0x000000072d7582d0,0x0000000743f80000)
  from space 129536K, 99% used [0x000000074ee00000,0x0000000756c7ece0,0x0000000756c80000)
  to   space 178688K, 0% used [0x0000000743f80000,0x0000000743f80000,0x000000074ee00000)
 ParOldGen       total 578560K, used 216683K [0x00000003c9400000, 0x00000003ec900000, 0x000000066dc00000)
  object space 578560K, 37% used [0x00000003c9400000,0x00000003d679ae98,0x00000003ec900000)
 Metaspace       used 92088K, capacity 97917K, committed 98176K, reserved 1134592K
  class space    used 12240K, capacity 13317K, committed 13440K, reserved 1048576K
Event: 2298.234 GC heap after
Heap after GC invocations=19 (full 4):
 PSYoungGen      total 3539456K, used 29417K [0x000000066dc00000, 0x0000000759300000, 0x00000007c0000000)
  eden space 3509760K, 0% used [0x000000066dc00000,0x000000066dc00000,0x0000000743f80000)
  from space 29696K, 99% used [0x0000000743f80000,0x0000000745c3a5e8,0x0000000745c80000)
  to   space 172032K, 0% used [0x000000074eb00000,0x000000074eb00000,0x0000000759300000)
 ParOldGen       total 578560K, used 222259K [0x00000003c9400000, 0x00000003ec900000, 0x000000066dc00000)
  object space 578560K, 38% used [0x00000003c9400000,0x00000003d6d0cf78,0x00000003ec900000)
 Metaspace       used 92088K, capacity 97917K, committed 98176K, reserved 1134592K
  class space    used 12240K, capacity 13317K, committed 13440K, reserved 1048576K
}
Event: 2298.234 GC heap before
{Heap before GC invocations=20 (full 5):
 PSYoungGen      total 3539456K, used 29417K [0x000000066dc00000, 0x0000000759300000, 0x00000007c0000000)
  eden space 3509760K, 0% used [0x000000066dc00000,0x000000066dc00000,0x0000000743f80000)
  from space 29696K, 99% used [0x0000000743f80000,0x0000000745c3a5e8,0x0000000745c80000)
  to   space 172032K, 0% used [0x000000074eb00000,0x000000074eb00000,0x0000000759300000)
 ParOldGen       total 578560K, used 222259K [0x00000003c9400000, 0x00000003ec900000, 0x000000066dc00000)
  object space 578560K, 38% used [0x00000003c9400000,0x00000003d6d0cf78,0x00000003ec900000)
 Metaspace       used 92088K, capacity 97917K, committed 98176K, reserved 1134592K
  class space    used 12240K, capacity 13317K, committed 13440K, reserved 1048576K
Event: 2299.213 GC heap after
Heap after GC invocations=20 (full 5):
 PSYoungGen      total 3539456K, used 0K [0x000000066dc00000, 0x0000000759300000, 0x00000007c0000000)
  eden space 3509760K, 0% used [0x000000066dc00000,0x000000066dc00000,0x0000000743f80000)
  from space 29696K, 0% used [0x0000000743f80000,0x0000000743f80000,0x0000000745c80000)
  to   space 172032K, 0% used [0x000000074eb00000,0x000000074eb00000,0x0000000759300000)
 ParOldGen       total 578560K, used 92439K [0x00000003c9400000, 0x00000003ec900000, 0x000000066dc00000)
  object space 578560K, 15% used [0x00000003c9400000,0x00000003cee45fb0,0x00000003ec900000)
 Metaspace       used 92043K, capacity 97845K, committed 98176K, reserved 1134592K
  class space    used 12233K, capacity 13305K, committed 13440K, reserved 1048576K
}
Event: 2452.267 GC heap before
{Heap before GC invocations=21 (full 5):
 PSYoungGen      total 3539456K, used 3509760K [0x000000066dc00000, 0x0000000759300000, 0x00000007c0000000)
  eden space 3509760K, 100% used [0x000000066dc00000,0x0000000743f80000,0x0000000743f80000)
  from space 29696K, 0% used [0x0000000743f80000,0x0000000743f80000,0x0000000745c80000)
  to   space 172032K, 0% used [0x000000074eb00000,0x000000074eb00000,0x0000000759300000)
 ParOldGen       total 578560K, used 92439K [0x00000003c9400000, 0x00000003ec900000, 0x000000066dc00000)
  object space 578560K, 15% used [0x00000003c9400000,0x00000003cee45fb0,0x00000003ec900000)
 Metaspace       used 92897K, capacity 98781K, committed 98944K, reserved 1134592K
  class space    used 12309K, capacity 13403K, committed 13440K, reserved 1048576K
Event: 2453.174 GC heap after
Heap after GC invocations=21 (full 5):
 PSYoungGen      total 3681792K, used 172031K [0x000000066dc00000, 0x0000000759300000, 0x00000007c0000000)
  eden space 3509760K, 0% used [0x000000066dc00000,0x000000066dc00000,0x0000000743f80000)
  from space 172032K, 99% used [0x000000074eb00000,0x00000007592ffd68,0x0000000759300000)
  to   space 29696K, 0% used [0x0000000743f80000,0x0000000743f80000,0x0000000745c80000)
 ParOldGen       total 578560K, used 104631K [0x00000003c9400000, 0x00000003ec900000, 0x000000066dc00000)
  object space 578560K, 18% used [0x00000003c9400000,0x00000003cfa2dca0,0x00000003ec900000)
 Metaspace       used 92897K, capacity 98781K, committed 98944K, reserved 1134592K
  class space    used 12309K, capacity 13403K, committed 13440K, reserved 1048576K
}

Deoptimization events (0 events):
No events

Classes redefined (0 events):
No events

Internal exceptions (10 events):
Event: 2512.014 Thread 0x000000004bdec000 Exception <a 'java/lang/ArrayIndexOutOfBoundsException'> (0x0000000724711968) thrown at [C:\re\workspace\8-2-build-windows-amd64-cygwin\jdk8u202\12323\hotspot\src\share\vm\runtime\sharedRuntime.cpp, line 605]
Event: 2512.014 Thread 0x000000004bdec000 Exception <a 'java/lang/ArrayIndexOutOfBoundsException'> (0x0000000724712f90) thrown at [C:\re\workspace\8-2-build-windows-amd64-cygwin\jdk8u202\12323\hotspot\src\share\vm\runtime\sharedRuntime.cpp, line 605]
Event: 2512.055 Thread 0x000000004bdec000 Exception <a 'java/lang/ArrayIndexOutOfBoundsException'> (0x0000000725190bb0) thrown at [C:\re\workspace\8-2-build-windows-amd64-cygwin\jdk8u202\12323\hotspot\src\share\vm\runtime\sharedRuntime.cpp, line 605]
Event: 2512.055 Thread 0x000000004bdec000 Exception <a 'java/lang/ArrayIndexOutOfBoundsException'> (0x0000000725191ff0) thrown at [C:\re\workspace\8-2-build-windows-amd64-cygwin\jdk8u202\12323\hotspot\src\share\vm\runtime\sharedRuntime.cpp, line 605]
Event: 2512.075 Thread 0x000000004bdec000 Exception <a 'java/lang/ArrayIndexOutOfBoundsException'> (0x00000007256c0808) thrown at [C:\re\workspace\8-2-build-windows-amd64-cygwin\jdk8u202\12323\hotspot\src\share\vm\runtime\sharedRuntime.cpp, line 605]
Event: 2512.075 Thread 0x000000004bdec000 Exception <a 'java/lang/ArrayIndexOutOfBoundsException'> (0x00000007256c1c48) thrown at [C:\re\workspace\8-2-build-windows-amd64-cygwin\jdk8u202\12323\hotspot\src\share\vm\runtime\sharedRuntime.cpp, line 605]
Event: 2512.097 Thread 0x000000004bdec000 Exception <a 'java/lang/ArrayIndexOutOfBoundsException'> (0x0000000725bcd718) thrown at [C:\re\workspace\8-2-build-windows-amd64-cygwin\jdk8u202\12323\hotspot\src\share\vm\runtime\sharedRuntime.cpp, line 605]
Event: 2512.097 Thread 0x000000004bdec000 Exception <a 'java/lang/ArrayIndexOutOfBoundsException'> (0x0000000725bceb70) thrown at [C:\re\workspace\8-2-build-windows-amd64-cygwin\jdk8u202\12323\hotspot\src\share\vm\runtime\sharedRuntime.cpp, line 605]
Event: 2512.117 Thread 0x000000004bdec000 Exception <a 'java/lang/ArrayIndexOutOfBoundsException'> (0x00000007260e6578) thrown at [C:\re\workspace\8-2-build-windows-amd64-cygwin\jdk8u202\12323\hotspot\src\share\vm\runtime\sharedRuntime.cpp, line 605]
Event: 2512.117 Thread 0x000000004bdec000 Exception <a 'java/lang/ArrayIndexOutOfBoundsException'> (0x00000007260e7950) thrown at [C:\re\workspace\8-2-build-windows-amd64-cygwin\jdk8u202\12323\hotspot\src\share\vm\runtime\sharedRuntime.cpp, line 605]

Events (10 events):
Event: 2511.287 loading class org/springframework/cloud/sleuth/autoconfig/instrument/web/SkipPatternConfiguration$$Lambda$1087/2137989537 done
Event: 2511.288 loading class org/springframework/cloud/sleuth/autoconfig/instrument/web/SkipPatternConfiguration$$Lambda$1087/2137989537
Event: 2511.288 loading class org/springframework/cloud/sleuth/autoconfig/instrument/web/SkipPatternConfiguration$$Lambda$1087/2137989537 done
Event: 2511.317 Thread 0x000000004bdf9800 Thread added: 0x000000004bdf9800
Event: 2511.317 Thread 0x000000004bdf6800 Thread added: 0x000000004bdf6800
Event: 2511.317 Thread 0x0000000050a2b800 Thread added: 0x0000000050a2b800
Event: 2511.554 Thread 0x0000000050a2d000 Thread added: 0x0000000050a2d000
Event: 2511.554 Thread 0x0000000050a36000 Thread added: 0x0000000050a36000
Event: 2511.554 Thread 0x0000000041b25000 Thread added: 0x0000000041b25000
Event: 2511.569 Thread 0x0000000041b1e000 Thread added: 0x0000000041b1e000


Dynamic libraries:
0x00007ff703fe0000 - 0x00007ff704017000 	C:\Program Files\Java\jdk1.8.0_202\bin\java.exe
0x00007ff88be30000 - 0x00007ff88c028000 	C:\Windows\SYSTEM32\ntdll.dll
0x00007ff88bcb0000 - 0x00007ff88bd6f000 	C:\Windows\System32\KERNEL32.DLL
0x00007ff889840000 - 0x00007ff889b36000 	C:\Windows\System32\KERNELBASE.dll
0x00007ff889f60000 - 0x00007ff88a00f000 	C:\Windows\System32\ADVAPI32.dll
0x00007ff88a880000 - 0x00007ff88a91e000 	C:\Windows\System32\msvcrt.dll
0x00007ff88a230000 - 0x00007ff88a2cc000 	C:\Windows\System32\sechost.dll
0x00007ff88b820000 - 0x00007ff88b946000 	C:\Windows\System32\RPCRT4.dll
0x00007ff88aa50000 - 0x00007ff88abed000 	C:\Windows\System32\USER32.dll
0x00007ff889e60000 - 0x00007ff889e82000 	C:\Windows\System32\win32u.dll
0x00007ff88a740000 - 0x00007ff88a76c000 	C:\Windows\System32\GDI32.dll
0x00007ff889510000 - 0x00007ff889625000 	C:\Windows\System32\gdi32full.dll
0x00007ff8896a0000 - 0x00007ff88973d000 	C:\Windows\System32\msvcp_win.dll
0x00007ff889740000 - 0x00007ff889840000 	C:\Windows\System32\ucrtbase.dll
0x00007ff87dc00000 - 0x00007ff87de9a000 	C:\Windows\WinSxS\amd64_microsoft.windows.common-controls_6595b64144ccf1df_6.0.19041.1110_none_60b5254171f9507e\COMCTL32.dll
0x00007ff88a150000 - 0x00007ff88a180000 	C:\Windows\System32\IMM32.DLL
0x0000000075e40000 - 0x0000000075f12000 	C:\Program Files\Java\jdk1.8.0_202\jre\bin\msvcr100.dll
0x0000000075590000 - 0x0000000075e35000 	C:\Program Files\Java\jdk1.8.0_202\jre\bin\server\jvm.dll
0x00007ff88bde0000 - 0x00007ff88bde8000 	C:\Windows\System32\PSAPI.DLL
0x00007ff880950000 - 0x00007ff88095a000 	C:\Windows\SYSTEM32\VERSION.dll
0x00007ff85a2d0000 - 0x00007ff85a2d9000 	C:\Windows\SYSTEM32\WSOCK32.dll
0x00007ff87f6e0000 - 0x00007ff87f707000 	C:\Windows\SYSTEM32\WINMM.dll
0x00007ff88bd70000 - 0x00007ff88bddb000 	C:\Windows\System32\WS2_32.dll
0x00007ff8246d0000 - 0x00007ff8246df000 	C:\Program Files\Java\jdk1.8.0_202\jre\bin\verify.dll
0x00007ff8246a0000 - 0x00007ff8246c9000 	C:\Program Files\Java\jdk1.8.0_202\jre\bin\java.dll
0x00007ff86b660000 - 0x00007ff86b683000 	C:\Program Files\Java\jdk1.8.0_202\jre\bin\instrument.dll
0x00007ff824680000 - 0x00007ff824696000 	C:\Program Files\Java\jdk1.8.0_202\jre\bin\zip.dll
0x00007ff88ad30000 - 0x00007ff88b474000 	C:\Windows\System32\SHELL32.dll
0x00007ff887260000 - 0x00007ff8879f3000 	C:\Windows\SYSTEM32\windows.storage.dll
0x00007ff88b950000 - 0x00007ff88bca4000 	C:\Windows\System32\combase.dll
0x00007ff888f50000 - 0x00007ff888f7e000 	C:\Windows\SYSTEM32\Wldp.dll
0x00007ff88a180000 - 0x00007ff88a22d000 	C:\Windows\System32\SHCORE.dll
0x00007ff88b7c0000 - 0x00007ff88b815000 	C:\Windows\System32\shlwapi.dll
0x00007ff889440000 - 0x00007ff889465000 	C:\Windows\SYSTEM32\profapi.dll
0x00007ff86b710000 - 0x00007ff86b72a000 	C:\Program Files\JetBrains\IntelliJ IDEA 2023.2\bin\breakgen64.dll
0x00007ff824570000 - 0x00007ff82458a000 	C:\Program Files\Java\jdk1.8.0_202\jre\bin\net.dll
0x00007ff87f710000 - 0x00007ff87f8fd000 	C:\Windows\SYSTEM32\urlmon.dll
0x00007ff87b030000 - 0x00007ff87b059000 	C:\Windows\SYSTEM32\srvcli.dll
0x00007ff87b1a0000 - 0x00007ff87b45c000 	C:\Windows\SYSTEM32\iertutil.dll
0x00007ff888ab0000 - 0x00007ff888abc000 	C:\Windows\SYSTEM32\netutils.dll
0x00007ff888cb0000 - 0x00007ff888d1a000 	C:\Windows\system32\mswsock.dll
0x00007ff8889e0000 - 0x00007ff888aaa000 	C:\Windows\SYSTEM32\DNSAPI.dll
0x00007ff888950000 - 0x00007ff88898b000 	C:\Windows\SYSTEM32\IPHLPAPI.DLL
0x00007ff88a870000 - 0x00007ff88a878000 	C:\Windows\System32\NSI.dll
0x00007ff882260000 - 0x00007ff88226a000 	C:\Windows\System32\rasadhlp.dll
0x00007ff881d60000 - 0x00007ff881de2000 	C:\Windows\System32\fwpuclnt.dll
0x00007ff889b90000 - 0x00007ff889bb7000 	C:\Windows\System32\bcrypt.dll
0x00007ff86c470000 - 0x00007ff86c47d000 	C:\Program Files\Java\jdk1.8.0_202\jre\bin\management.dll
0x00007ff8243e0000 - 0x00007ff8243f2000 	C:\Program Files\Java\jdk1.8.0_202\jre\bin\nio.dll
0x00007ff888ea0000 - 0x00007ff888eb8000 	C:\Windows\SYSTEM32\CRYPTSP.dll
0x00007ff888550000 - 0x00007ff888584000 	C:\Windows\system32\rsaenh.dll
0x00007ff8893c0000 - 0x00007ff8893ee000 	C:\Windows\SYSTEM32\USERENV.dll
0x00007ff889bc0000 - 0x00007ff889c42000 	C:\Windows\System32\bcryptprimitives.dll
0x00007ff888ec0000 - 0x00007ff888ecc000 	C:\Windows\SYSTEM32\CRYPTBASE.dll
0x00007ff882850000 - 0x00007ff882867000 	C:\Windows\SYSTEM32\dhcpcsvc6.DLL
0x00007ff882510000 - 0x00007ff88252d000 	C:\Windows\SYSTEM32\dhcpcsvc.DLL
0x00007ff864200000 - 0x00007ff864217000 	C:\Windows\system32\napinsp.dll
0x00007ff863360000 - 0x00007ff86337b000 	C:\Windows\system32\pnrpnsp.dll
0x00007ff884570000 - 0x00007ff884585000 	C:\Windows\system32\wshbth.dll
0x00007ff8847e0000 - 0x00007ff8847fd000 	C:\Windows\system32\NLAapi.dll
0x00007ff863340000 - 0x00007ff863352000 	C:\Windows\System32\winrnr.dll
0x0000000180000000 - 0x0000000180288000 	C:\Users\yo\Documents\apache-tomcat-9.0.78\bin\tcnative-1.dll
0x00007ff889c50000 - 0x00007ff889dae000 	C:\Windows\System32\CRYPT32.dll
0x00007ff864ec0000 - 0x00007ff864ee4000 	C:\Program Files\Java\jdk1.8.0_202\jre\bin\sunec.dll
0x00007ff86abf0000 - 0x00007ff86abfb000 	C:\Program Files\Java\jdk1.8.0_202\jre\bin\sunmscapi.dll
0x00007ff86dac0000 - 0x00007ff86db09000 	C:\Windows\SYSTEM32\pdh.dll
0x00007ff86e120000 - 0x00007ff86e12f000 	C:\Windows\System32\perfos.dll

VM Arguments:
jvm_args: -XX:TieredStopAtLevel=1 -Xverify:none -Dspring.output.ansi.enabled=always -Dcom.sun.management.jmxremote -Dspring.jmx.enabled=true -Dspring.liveBeansView.mbeanDomain -Dspring.application.admin.enabled=true -Dmanagement.endpoints.jmx.exposure.include=* -javaagent:C:\Program Files\JetBrains\IntelliJ IDEA 2023.2\lib\idea_rt.jar=57698:C:\Program Files\JetBrains\IntelliJ IDEA 2023.2\bin -Dfile.encoding=UTF-8 
java_command: com.Admin
java_class_path (initial): C:\Program Files\Java\jdk1.8.0_202\jre\lib\charsets.jar;C:\Program Files\Java\jdk1.8.0_202\jre\lib\deploy.jar;C:\Program Files\Java\jdk1.8.0_202\jre\lib\ext\access-bridge-64.jar;C:\Program Files\Java\jdk1.8.0_202\jre\lib\ext\cldrdata.jar;C:\Program Files\Java\jdk1.8.0_202\jre\lib\ext\dnsns.jar;C:\Program Files\Java\jdk1.8.0_202\jre\lib\ext\jaccess.jar;C:\Program Files\Java\jdk1.8.0_202\jre\lib\ext\jfxrt.jar;C:\Program Files\Java\jdk1.8.0_202\jre\lib\ext\localedata.jar;C:\Program Files\Java\jdk1.8.0_202\jre\lib\ext\nashorn.jar;C:\Program Files\Java\jdk1.8.0_202\jre\lib\ext\sunec.jar;C:\Program Files\Java\jdk1.8.0_202\jre\lib\ext\sunjce_provider.jar;C:\Program Files\Java\jdk1.8.0_202\jre\lib\ext\sunmscapi.jar;C:\Program Files\Java\jdk1.8.0_202\jre\lib\ext\sunpkcs11.jar;C:\Program Files\Java\jdk1.8.0_202\jre\lib\ext\zipfs.jar;C:\Program Files\Java\jdk1.8.0_202\jre\lib\javaws.jar;C:\Program Files\Java\jdk1.8.0_202\jre\lib\jce.jar;C:\Program Files\Java\jdk1.8.0_202\jre\lib\jfr.jar;C:\Program Files\Java\jdk1.8.0_202\jre\lib\jfxswt.jar;C:\Program Files\Java\jdk1.8.0_202\jre\lib\jsse.jar;C:\Program Files\Java\jdk1.8.0_202\jre\lib\management-agent.jar;C:\Program Files\Java\jdk1.8.0_202\jre\lib\plugin.jar;C:\Program Files\Java\jdk1.8.0_202\jre\lib\resources.jar;C:\Program Files\Java\jdk1.8.0_202\jre\lib\rt.jar;C:\Users\yo\Desktop\GraduateProject\back\GraduateTotal\admin _micro\target\classes;C:\Users\yo\reposity\com\baomidou\mybatis-plus-boot-starter\3.5.3.1\mybatis-plus-boot-starter-3.5.3.1.jar;C:\Users\yo\reposity\com\baomidou\mybatis-plus\3.5.3.1\mybatis-plus-3.5.3.1.jar;C:\Users\yo\reposity\com\baomidou\mybatis-plus-extension\3.5.3.1\mybatis-plus-extension-3.5.3.1.jar;C:\Users\yo\reposity\com\baomidou\mybatis-plus-core\3.5.3.1\mybatis-plus-core-3.5.3.1.jar;C:\Users\yo\reposity\com\baomidou\mybatis-plus-annotation\3.5.3.1\mybatis-plus-annotation-3.5.3.1.jar;C:\Users\yo\reposity\com\github\jsqlparser\jsqlparser\4.4\jsqlparser-4.4.jar;C:\Users\yo
Launcher Type: SUN_STANDARD

Environment Variables:
JAVA_HOME=C:\Program Files\Java\jdk1.8.0_202
PATH=C:\Program Files (x86)\VMware\VMware Workstation\bin\;C:\Windows\system32;C:\Windows;C:\Windows\System32\Wbem;C:\Windows\System32\WindowsPowerShell\v1.0\;C:\Windows\System32\OpenSSH\;C:\Program Files (x86)\NVIDIA Corporation\PhysX\Common;C:\Program Files (x86)\NetSarang\Xftp 7\;C:\Program Files (x86)\NetSarang\Xshell 7\;C:\Program Files\Git\cmd;C:\Program Files\nodejs\;C:\Program Files\Microsoft SQL Server\150\Tools\Binn\;C:\Program Files\Java\jdk1.8.0_202\bin;C:\Program Files\Java\jdk1.8.0_202\jre\bin;C:\Program Files\MySQL\MySQL Server 8.0\bin;C:\Program Files\MySQL\MySQL Server 8.0\lib;C:\Users\yo\Documents\apache-tomcat-9.0.78\lib;C:\Users\yo\Documents\apache-tomcat-9.0.78\bin;C:\Users\yo\Documents\apache-maven-3.9.4\bin;C:\Users\yo\Documents\apache-maven-3.9.4\lib;C:\Program Files\Cloudflare\Cloudflare WARP\;C:\Program Files\NVIDIA Corporation\NVIDIA NvDLISR;C:\Users\yo\AppData\Local\Microsoft\WindowsApps;C:\Users\yo\AppData\Roaming\npm;C:\Users\yo\AppData\Local\Programs\Microsoft VS Code\bin
USERNAME=yo
OS=Windows_NT
PROCESSOR_IDENTIFIER=AMD64 Family 25 Model 80 Stepping 0, AuthenticAMD



---------------  S Y S T E M  ---------------

OS: Windows 10.0 , 64 bit Build 19041 (10.0.19041.3155)

CPU:total 16 (initial active 16) (16 cores per cpu, 1 threads per core) family 25 model 80 stepping 0, cmov, cx8, fxsr, mmx, sse, sse2, sse3, ssse3, sse4.1, sse4.2, popcnt, avx, avx2, aes, clmul, erms, mmxext, 3dnowpref, lzcnt, sse4a, tsc, tscinvbit, tscinv, bmi1

Memory: 4k page, physical 66501532k(991688k free), swap 128930540k(0k free)

vm_info: Java HotSpot(TM) 64-Bit Server VM (25.202-b08) for windows-amd64 JRE (1.8.0_202-b08), built on Dec 15 2018 19:54:30 by "java_re" with MS VC++ 10.0 (VS2010)

time: Sat Aug 12 13:59:58 2023
timezone: China Standard Time
elapsed time: 2512 seconds (0d 0h 41m 52s)

